0:0:0:0:0:0:0:1 - - [10/Sep/2018:21:03:36 +0800] "GET /kdTest HTTP/1.1" 302 -
0:0:0:0:0:0:0:1 - - [10/Sep/2018:21:03:37 +0800] "GET /kdTest/ HTTP/1.1" 404 295
0:0:0:0:0:0:0:1 - - [10/Sep/2018:21:03:43 +0800] "GET /kdTest/main.html HTTP/1.1" 404 295
0:0:0:0:0:0:0:1 - - [10/Sep/2018:21:03:49 +0800] "GET /kdTest/main.html HTTP/1.1" 404 295
0:0:0:0:0:0:0:1 - - [10/Sep/2018:21:23:24 +0800] "GET /kdTest HTTP/1.1" 302 -
0:0:0:0:0:0:0:1 - - [10/Sep/2018:21:23:24 +0800] "GET /kdTest/ HTTP/1.1" 500 343
0:0:0:0:0:0:0:1 - - [10/Sep/2018:21:23:29 +0800] "GET /kdTest/main.html HTTP/1.1" 500 343
0:0:0:0:0:0:0:1 - - [10/Sep/2018:21:23:34 +0800] "GET /kdTest HTTP/1.1" 302 -
0:0:0:0:0:0:0:1 - - [10/Sep/2018:21:23:34 +0800] "GET /kdTest/ HTTP/1.1" 500 343
0:0:0:0:0:0:0:1 - - [10/Sep/2018:21:23:53 +0800] "GET /kdTest/ HTTP/1.1" 500 343
0:0:0:0:0:0:0:1 - - [10/Sep/2018:21:25:12 +0800] "GET /kdTest/ HTTP/1.1" 404 295
0:0:0:0:0:0:0:1 - - [10/Sep/2018:21:25:46 +0800] "GET /kdTest HTTP/1.1" 302 -
0:0:0:0:0:0:0:1 - - [10/Sep/2018:21:25:46 +0800] "GET /kdTest/ HTTP/1.1" 404 295
0:0:0:0:0:0:0:1 - - [10/Sep/2018:21:41:37 +0800] "GET /kdTest HTTP/1.1" 302 -
0:0:0:0:0:0:0:1 - - [10/Sep/2018:21:41:37 +0800] "GET /kdTest/ HTTP/1.1" 404 295
0:0:0:0:0:0:0:1 - - [10/Sep/2018:21:41:42 +0800] "GET /kdTest/main.html HTTP/1.1" 200 2453
0:0:0:0:0:0:0:1 - - [10/Sep/2018:21:42:08 +0800] "GET /kdTest/main.html HTTP/1.1" 200 2453
0:0:0:0:0:0:0:1 - - [10/Sep/2018:21:44:55 +0800] "GET /kdTest/main.html HTTP/1.1" 200 2441
0:0:0:0:0:0:0:1 - - [10/Sep/2018:21:44:55 +0800] "GET /kdTest/lib/jquery.min.js HTTP/1.1" 200 85578
0:0:0:0:0:0:0:1 - - [10/Sep/2018:21:44:55 +0800] "GET /kdTest/lib/vue.min.js HTTP/1.1" 200 76666
0:0:0:0:0:0:0:1 - - [10/Sep/2018:21:44:55 +0800] "GET /kdTest/lib/jqgrid/grid.locale-cn.js HTTP/1.1" 200 9375
0:0:0:0:0:0:0:1 - - [10/Sep/2018:21:44:55 +0800] "GET /kdTest/lib/jqgrid/jquery.jqGrid.min.js HTTP/1.1" 200 334714
0:0:0:0:0:0:0:1 - - [10/Sep/2018:21:47:15 +0800] "GET /kdTest/main.html HTTP/1.1" 200 1438
0:0:0:0:0:0:0:1 - - [10/Sep/2018:21:47:15 +0800] "GET /kdTest/lib/vue.min.js HTTP/1.1" 200 76666
0:0:0:0:0:0:0:1 - - [10/Sep/2018:21:47:15 +0800] "GET /kdTest/lib/jqgrid/grid.locale-cn.js HTTP/1.1" 200 9375
0:0:0:0:0:0:0:1 - - [10/Sep/2018:21:47:15 +0800] "GET /kdTest/lib/jquery.min.js HTTP/1.1" 200 85578
0:0:0:0:0:0:0:1 - - [10/Sep/2018:21:47:15 +0800] "GET /kdTest/lib/jqgrid/jquery.jqGrid.min.js HTTP/1.1" 200 334714
0:0:0:0:0:0:0:1 - - [10/Sep/2018:21:49:25 +0800] "GET /kdTest/main.html HTTP/1.1" 200 1433
0:0:0:0:0:0:0:1 - - [10/Sep/2018:21:49:25 +0800] "GET /kdTest/lib/jquery.min.js HTTP/1.1" 200 85578
0:0:0:0:0:0:0:1 - - [10/Sep/2018:21:49:25 +0800] "GET /kdTest/lib/vue.min.js HTTP/1.1" 200 76666
0:0:0:0:0:0:0:1 - - [10/Sep/2018:21:49:25 +0800] "GET /kdTest/lib/jqgrid/grid.locale-cn.js HTTP/1.1" 200 9375
0:0:0:0:0:0:0:1 - - [10/Sep/2018:21:49:25 +0800] "GET /kdTest/lib/jqgrid/jquery.jqGrid.min.js HTTP/1.1" 200 334714
0:0:0:0:0:0:0:1 - - [10/Sep/2018:21:50:22 +0800] "GET /kdTest/main.html HTTP/1.1" 200 1433
0:0:0:0:0:0:0:1 - - [10/Sep/2018:21:50:22 +0800] "GET /kdTest/lib/jquery.min.js HTTP/1.1" 200 85578
0:0:0:0:0:0:0:1 - - [10/Sep/2018:21:50:22 +0800] "GET /kdTest/lib/jqgrid/jquery.jqGrid.min.js HTTP/1.1" 200 334714
0:0:0:0:0:0:0:1 - - [10/Sep/2018:21:50:22 +0800] "GET /kdTest/lib/jqgrid/grid.locale-cn.js HTTP/1.1" 200 9375
0:0:0:0:0:0:0:1 - - [10/Sep/2018:21:50:22 +0800] "GET /kdTest/lib/vue.min.js HTTP/1.1" 200 76666
0:0:0:0:0:0:0:1 - - [10/Sep/2018:21:50:30 +0800] "GET /kdTest/test.html HTTP/1.1" 200 976
0:0:0:0:0:0:0:1 - - [10/Sep/2018:21:50:30 +0800] "GET /kdTest/lib/jquery.min.js HTTP/1.1" 200 85578
0:0:0:0:0:0:0:1 - - [10/Sep/2018:21:50:30 +0800] "GET /kdTest/lib/vue.min.js HTTP/1.1" 200 76666
0:0:0:0:0:0:0:1 - - [10/Sep/2018:21:50:30 +0800] "GET /kdTest/lib/jqgrid/grid.locale-cn.js HTTP/1.1" 200 9375
0:0:0:0:0:0:0:1 - - [10/Sep/2018:21:50:30 +0800] "GET /kdTest/lib/jqgrid/jquery.jqGrid.min.js HTTP/1.1" 200 334714
0:0:0:0:0:0:0:1 - - [10/Sep/2018:21:50:38 +0800] "GET /kdTest/main.html HTTP/1.1" 200 1433
0:0:0:0:0:0:0:1 - - [10/Sep/2018:21:50:38 +0800] "GET /kdTest/lib/jquery.min.js HTTP/1.1" 200 85578
0:0:0:0:0:0:0:1 - - [10/Sep/2018:21:50:38 +0800] "GET /kdTest/lib/jqgrid/jquery.jqGrid.min.js HTTP/1.1" 200 334714
0:0:0:0:0:0:0:1 - - [10/Sep/2018:21:50:38 +0800] "GET /kdTest/lib/jqgrid/grid.locale-cn.js HTTP/1.1" 200 9375
0:0:0:0:0:0:0:1 - - [10/Sep/2018:21:50:38 +0800] "GET /kdTest/lib/vue.min.js HTTP/1.1" 200 76666
0:0:0:0:0:0:0:1 - - [10/Sep/2018:21:51:08 +0800] "GET /kdTest/main.html HTTP/1.1" 200 1343
0:0:0:0:0:0:0:1 - - [10/Sep/2018:21:51:08 +0800] "GET /kdTest/lib/jqgrid/jquery.jqGrid.min.js HTTP/1.1" 200 334714
0:0:0:0:0:0:0:1 - - [10/Sep/2018:21:51:08 +0800] "GET /kdTest/lib/jquery.min.js HTTP/1.1" 200 85578
0:0:0:0:0:0:0:1 - - [10/Sep/2018:21:51:08 +0800] "GET /kdTest/lib/jqgrid/grid.locale-cn.js HTTP/1.1" 200 9375
0:0:0:0:0:0:0:1 - - [10/Sep/2018:21:51:08 +0800] "GET /kdTest/lib/vue.min.js HTTP/1.1" 200 76666
0:0:0:0:0:0:0:1 - - [10/Sep/2018:22:00:28 +0800] "GET /kdTest/main.html HTTP/1.1" 200 1327
0:0:0:0:0:0:0:1 - - [10/Sep/2018:22:00:28 +0800] "GET /kdTest/lib/jqgrid/grid.locale-cn.js HTTP/1.1" 200 9375
0:0:0:0:0:0:0:1 - - [10/Sep/2018:22:00:28 +0800] "GET /kdTest/lib/vue.min.js HTTP/1.1" 200 76666
0:0:0:0:0:0:0:1 - - [10/Sep/2018:22:00:28 +0800] "GET /kdTest/lib/jquery.min.js HTTP/1.1" 200 85578
0:0:0:0:0:0:0:1 - - [10/Sep/2018:22:00:28 +0800] "GET /kdTest/lib/jqgrid/jquery.jqGrid.min.js HTTP/1.1" 200 334714
0:0:0:0:0:0:0:1 - - [10/Sep/2018:22:00:36 +0800] "GET /kdTest/main.html HTTP/1.1" 200 1343
0:0:0:0:0:0:0:1 - - [10/Sep/2018:22:00:37 +0800] "GET /kdTest/lib/jquery.min.js HTTP/1.1" 200 85578
0:0:0:0:0:0:0:1 - - [10/Sep/2018:22:00:37 +0800] "GET /kdTest/lib/jqgrid/grid.locale-cn.js HTTP/1.1" 200 9375
0:0:0:0:0:0:0:1 - - [10/Sep/2018:22:00:37 +0800] "GET /kdTest/lib/jqgrid/jquery.jqGrid.min.js HTTP/1.1" 200 334714
0:0:0:0:0:0:0:1 - - [10/Sep/2018:22:00:37 +0800] "GET /kdTest/lib/vue.min.js HTTP/1.1" 200 76666
0:0:0:0:0:0:0:1 - - [10/Sep/2018:22:01:56 +0800] "GET /kdTest/main.html HTTP/1.1" 200 1343
0:0:0:0:0:0:0:1 - - [10/Sep/2018:22:01:56 +0800] "GET /kdTest/lib/jquery.min.js HTTP/1.1" 200 85578
0:0:0:0:0:0:0:1 - - [10/Sep/2018:22:01:56 +0800] "GET /kdTest/lib/vue.min.js HTTP/1.1" 200 76666
0:0:0:0:0:0:0:1 - - [10/Sep/2018:22:01:56 +0800] "GET /kdTest/lib/jqgrid/grid.locale-cn.js HTTP/1.1" 200 9375
0:0:0:0:0:0:0:1 - - [10/Sep/2018:22:01:56 +0800] "GET /kdTest/lib/jqgrid/jquery.jqGrid.min.js HTTP/1.1" 200 334714
0:0:0:0:0:0:0:1 - - [10/Sep/2018:22:02:18 +0800] "GET /kdTest/main.html HTTP/1.1" 200 1342
0:0:0:0:0:0:0:1 - - [10/Sep/2018:22:02:18 +0800] "GET /kdTest/lib/jquery.min.js HTTP/1.1" 200 85578
0:0:0:0:0:0:0:1 - - [10/Sep/2018:22:02:18 +0800] "GET /kdTest/lib/vue.min.js HTTP/1.1" 200 76666
0:0:0:0:0:0:0:1 - - [10/Sep/2018:22:02:18 +0800] "GET /kdTest/lib/jqgrid/grid.locale-cn.js HTTP/1.1" 200 9375
0:0:0:0:0:0:0:1 - - [10/Sep/2018:22:02:18 +0800] "GET /kdTest/lib/jqgrid/jquery.jqGrid.min.js HTTP/1.1" 200 334714
0:0:0:0:0:0:0:1 - - [10/Sep/2018:22:02:18 +0800] "GET /kdTest/test.html HTTP/1.1" 200 869
0:0:0:0:0:0:0:1 - - [10/Sep/2018:22:02:18 +0800] "GET /kdTest/lib/vue.min.js HTTP/1.1" 200 76666
0:0:0:0:0:0:0:1 - - [10/Sep/2018:22:02:18 +0800] "GET /kdTest/lib/jquery.min.js HTTP/1.1" 200 85578
0:0:0:0:0:0:0:1 - - [10/Sep/2018:22:02:18 +0800] "GET /kdTest/lib/jqgrid/grid.locale-cn.js HTTP/1.1" 200 9375
0:0:0:0:0:0:0:1 - - [10/Sep/2018:22:02:18 +0800] "GET /kdTest/lib/jqgrid/jquery.jqGrid.min.js HTTP/1.1" 200 334714
0:0:0:0:0:0:0:1 - - [10/Sep/2018:22:02:38 +0800] "GET /kdTest/html/user.html HTTP/1.1" 200 2000
0:0:0:0:0:0:0:1 - - [10/Sep/2018:22:02:38 +0800] "GET /kdTest/lib/jquery.min.js HTTP/1.1" 200 85578
0:0:0:0:0:0:0:1 - - [10/Sep/2018:22:02:38 +0800] "GET /kdTest/lib/vue.min.js HTTP/1.1" 200 76666
0:0:0:0:0:0:0:1 - - [10/Sep/2018:22:02:38 +0800] "GET /kdTest/lib/jqgrid/grid.locale-cn.js HTTP/1.1" 200 9375
0:0:0:0:0:0:0:1 - - [10/Sep/2018:22:02:38 +0800] "GET /kdTest/lib/jqgrid/jquery.jqGrid.min.js HTTP/1.1" 200 334714
0:0:0:0:0:0:0:1 - - [10/Sep/2018:22:02:39 +0800] "GET /kdTest/user/list?_search=false&nd=1536588159182&limit=10&page=1&sidx=&order=asc HTTP/1.1" 200 25
0:0:0:0:0:0:0:1 - - [10/Sep/2018:22:03:08 +0800] "GET /kdTest/main.html HTTP/1.1" 200 1342
0:0:0:0:0:0:0:1 - - [10/Sep/2018:22:03:08 +0800] "GET /kdTest/lib/jquery.min.js HTTP/1.1" 200 85578
0:0:0:0:0:0:0:1 - - [10/Sep/2018:22:03:08 +0800] "GET /kdTest/lib/vue.min.js HTTP/1.1" 200 76666
0:0:0:0:0:0:0:1 - - [10/Sep/2018:22:03:08 +0800] "GET /kdTest/lib/jqgrid/jquery.jqGrid.min.js HTTP/1.1" 200 334714
0:0:0:0:0:0:0:1 - - [10/Sep/2018:22:03:08 +0800] "GET /kdTest/lib/jqgrid/grid.locale-cn.js HTTP/1.1" 200 9375
0:0:0:0:0:0:0:1 - - [10/Sep/2018:22:03:08 +0800] "GET /kdTest/test.html HTTP/1.1" 200 869
0:0:0:0:0:0:0:1 - - [10/Sep/2018:22:03:08 +0800] "GET /kdTest/lib/jquery.min.js HTTP/1.1" 200 85578
0:0:0:0:0:0:0:1 - - [10/Sep/2018:22:03:08 +0800] "GET /kdTest/lib/vue.min.js HTTP/1.1" 200 76666
0:0:0:0:0:0:0:1 - - [10/Sep/2018:22:03:08 +0800] "GET /kdTest/lib/jqgrid/grid.locale-cn.js HTTP/1.1" 200 9375
0:0:0:0:0:0:0:1 - - [10/Sep/2018:22:03:08 +0800] "GET /kdTest/lib/jqgrid/jquery.jqGrid.min.js HTTP/1.1" 200 334714
0:0:0:0:0:0:0:1 - - [10/Sep/2018:22:03:21 +0800] "GET /kdTest/html/user.html HTTP/1.1" 200 2000
0:0:0:0:0:0:0:1 - - [10/Sep/2018:22:03:21 +0800] "GET /kdTest/lib/jquery.min.js HTTP/1.1" 200 85578
0:0:0:0:0:0:0:1 - - [10/Sep/2018:22:03:21 +0800] "GET /kdTest/lib/vue.min.js HTTP/1.1" 200 76666
0:0:0:0:0:0:0:1 - - [10/Sep/2018:22:03:21 +0800] "GET /kdTest/lib/jqgrid/grid.locale-cn.js HTTP/1.1" 200 9375
0:0:0:0:0:0:0:1 - - [10/Sep/2018:22:03:21 +0800] "GET /kdTest/lib/jqgrid/jquery.jqGrid.min.js HTTP/1.1" 200 334714
0:0:0:0:0:0:0:1 - - [10/Sep/2018:22:03:21 +0800] "GET /kdTest/user/list?_search=false&nd=1536588201621&limit=10&page=1&sidx=&order=asc HTTP/1.1" 200 56
0:0:0:0:0:0:0:1 - - [10/Sep/2018:22:11:50 +0800] "GET /kdTest/main.html HTTP/1.1" 200 1559
0:0:0:0:0:0:0:1 - - [10/Sep/2018:22:11:50 +0800] "GET /kdTest/lib/jquery.min.js HTTP/1.1" 200 85578
0:0:0:0:0:0:0:1 - - [10/Sep/2018:22:11:50 +0800] "GET /kdTest/lib/vue.min.js HTTP/1.1" 200 76666
0:0:0:0:0:0:0:1 - - [10/Sep/2018:22:11:50 +0800] "GET /kdTest/lib/jqgrid/jquery.jqGrid.min.js HTTP/1.1" 200 334714
0:0:0:0:0:0:0:1 - - [10/Sep/2018:22:11:50 +0800] "GET /kdTest/lib/jqgrid/grid.locale-cn.js HTTP/1.1" 200 9375
0:0:0:0:0:0:0:1 - - [10/Sep/2018:22:11:50 +0800] "GET /kdTest/test.html HTTP/1.1" 200 869
0:0:0:0:0:0:0:1 - - [10/Sep/2018:22:11:51 +0800] "GET /kdTest/lib/vue.min.js HTTP/1.1" 200 76666
0:0:0:0:0:0:0:1 - - [10/Sep/2018:22:11:51 +0800] "GET /kdTest/lib/jquery.min.js HTTP/1.1" 200 85578
0:0:0:0:0:0:0:1 - - [10/Sep/2018:22:11:51 +0800] "GET /kdTest/lib/jqgrid/grid.locale-cn.js HTTP/1.1" 200 9375
0:0:0:0:0:0:0:1 - - [10/Sep/2018:22:11:51 +0800] "GET /kdTest/lib/jqgrid/jquery.jqGrid.min.js HTTP/1.1" 200 334714
0:0:0:0:0:0:0:1 - - [10/Sep/2018:22:12:11 +0800] "GET /kdTest/main.html HTTP/1.1" 200 1533
0:0:0:0:0:0:0:1 - - [10/Sep/2018:22:12:11 +0800] "GET /kdTest/lib/jquery.min.js HTTP/1.1" 200 85578
0:0:0:0:0:0:0:1 - - [10/Sep/2018:22:12:11 +0800] "GET /kdTest/lib/vue.min.js HTTP/1.1" 200 76666
0:0:0:0:0:0:0:1 - - [10/Sep/2018:22:12:11 +0800] "GET /kdTest/lib/jqgrid/grid.locale-cn.js HTTP/1.1" 200 9375
0:0:0:0:0:0:0:1 - - [10/Sep/2018:22:12:11 +0800] "GET /kdTest/lib/jqgrid/jquery.jqGrid.min.js HTTP/1.1" 200 334714
0:0:0:0:0:0:0:1 - - [10/Sep/2018:22:12:12 +0800] "GET /kdTest/test.html HTTP/1.1" 200 869
0:0:0:0:0:0:0:1 - - [10/Sep/2018:22:12:12 +0800] "GET /kdTest/lib/vue.min.js HTTP/1.1" 200 76666
0:0:0:0:0:0:0:1 - - [10/Sep/2018:22:12:12 +0800] "GET /kdTest/lib/jquery.min.js HTTP/1.1" 200 85578
0:0:0:0:0:0:0:1 - - [10/Sep/2018:22:12:12 +0800] "GET /kdTest/lib/jqgrid/grid.locale-cn.js HTTP/1.1" 200 9375
0:0:0:0:0:0:0:1 - - [10/Sep/2018:22:12:12 +0800] "GET /kdTest/lib/jqgrid/jquery.jqGrid.min.js HTTP/1.1" 200 334714
0:0:0:0:0:0:0:1 - - [10/Sep/2018:22:12:42 +0800] "GET /kdTest/main.html HTTP/1.1" 200 1533
0:0:0:0:0:0:0:1 - - [10/Sep/2018:22:12:42 +0800] "GET /kdTest/lib/vue.min.js HTTP/1.1" 200 76666
0:0:0:0:0:0:0:1 - - [10/Sep/2018:22:12:42 +0800] "GET /kdTest/lib/jquery.min.js HTTP/1.1" 200 85578
0:0:0:0:0:0:0:1 - - [10/Sep/2018:22:12:42 +0800] "GET /kdTest/lib/jqgrid/grid.locale-cn.js HTTP/1.1" 200 9375
0:0:0:0:0:0:0:1 - - [10/Sep/2018:22:12:42 +0800] "GET /kdTest/lib/jqgrid/jquery.jqGrid.min.js HTTP/1.1" 200 334714
0:0:0:0:0:0:0:1 - - [10/Sep/2018:22:12:42 +0800] "GET /kdTest/test.html HTTP/1.1" 200 869
0:0:0:0:0:0:0:1 - - [10/Sep/2018:22:12:42 +0800] "GET /kdTest/lib/jquery.min.js HTTP/1.1" 200 85578
0:0:0:0:0:0:0:1 - - [10/Sep/2018:22:12:42 +0800] "GET /kdTest/lib/vue.min.js HTTP/1.1" 200 76666
0:0:0:0:0:0:0:1 - - [10/Sep/2018:22:12:42 +0800] "GET /kdTest/lib/jqgrid/grid.locale-cn.js HTTP/1.1" 200 9375
0:0:0:0:0:0:0:1 - - [10/Sep/2018:22:12:42 +0800] "GET /kdTest/lib/jqgrid/jquery.jqGrid.min.js HTTP/1.1" 200 334714
0:0:0:0:0:0:0:1 - - [10/Sep/2018:22:12:55 +0800] "GET /kdTest/main.html HTTP/1.1" 200 1533
0:0:0:0:0:0:0:1 - - [10/Sep/2018:22:12:55 +0800] "GET /kdTest/lib/jqgrid/jquery.jqGrid.min.js HTTP/1.1" 200 334714
0:0:0:0:0:0:0:1 - - [10/Sep/2018:22:12:55 +0800] "GET /kdTest/lib/jquery.min.js HTTP/1.1" 200 85578
0:0:0:0:0:0:0:1 - - [10/Sep/2018:22:12:55 +0800] "GET /kdTest/lib/jqgrid/grid.locale-cn.js HTTP/1.1" 200 9375
0:0:0:0:0:0:0:1 - - [10/Sep/2018:22:12:55 +0800] "GET /kdTest/lib/vue.min.js HTTP/1.1" 200 76666
0:0:0:0:0:0:0:1 - - [10/Sep/2018:22:12:55 +0800] "GET /kdTest/test.html HTTP/1.1" 200 869
0:0:0:0:0:0:0:1 - - [10/Sep/2018:22:12:55 +0800] "GET /kdTest/lib/jquery.min.js HTTP/1.1" 200 85578
0:0:0:0:0:0:0:1 - - [10/Sep/2018:22:12:55 +0800] "GET /kdTest/lib/vue.min.js HTTP/1.1" 200 76666
0:0:0:0:0:0:0:1 - - [10/Sep/2018:22:12:55 +0800] "GET /kdTest/lib/jqgrid/grid.locale-cn.js HTTP/1.1" 200 9375
0:0:0:0:0:0:0:1 - - [10/Sep/2018:22:12:55 +0800] "GET /kdTest/lib/jqgrid/jquery.jqGrid.min.js HTTP/1.1" 200 334714
0:0:0:0:0:0:0:1 - - [10/Sep/2018:22:14:33 +0800] "GET /kdTest/main.html HTTP/1.1" 200 1533
0:0:0:0:0:0:0:1 - - [10/Sep/2018:22:14:33 +0800] "GET /kdTest/lib/jquery.min.js HTTP/1.1" 200 85578
0:0:0:0:0:0:0:1 - - [10/Sep/2018:22:14:33 +0800] "GET /kdTest/lib/jqgrid/grid.locale-cn.js HTTP/1.1" 200 9375
0:0:0:0:0:0:0:1 - - [10/Sep/2018:22:14:33 +0800] "GET /kdTest/lib/jqgrid/jquery.jqGrid.min.js HTTP/1.1" 200 334714
0:0:0:0:0:0:0:1 - - [10/Sep/2018:22:14:33 +0800] "GET /kdTest/lib/vue.min.js HTTP/1.1" 200 76666
0:0:0:0:0:0:0:1 - - [10/Sep/2018:22:14:33 +0800] "GET /kdTest/test.html HTTP/1.1" 200 869
0:0:0:0:0:0:0:1 - - [10/Sep/2018:22:14:33 +0800] "GET /kdTest/lib/jquery.min.js HTTP/1.1" 200 85578
0:0:0:0:0:0:0:1 - - [10/Sep/2018:22:14:33 +0800] "GET /kdTest/lib/vue.min.js HTTP/1.1" 200 76666
0:0:0:0:0:0:0:1 - - [10/Sep/2018:22:14:33 +0800] "GET /kdTest/lib/jqgrid/grid.locale-cn.js HTTP/1.1" 200 9375
0:0:0:0:0:0:0:1 - - [10/Sep/2018:22:14:33 +0800] "GET /kdTest/lib/jqgrid/jquery.jqGrid.min.js HTTP/1.1" 200 334714
0:0:0:0:0:0:0:1 - - [10/Sep/2018:22:15:38 +0800] "GET /kdTest/main.html HTTP/1.1" 200 1533
0:0:0:0:0:0:0:1 - - [10/Sep/2018:22:15:38 +0800] "GET /kdTest/lib/jqgrid/grid.locale-cn.js HTTP/1.1" 200 9375
0:0:0:0:0:0:0:1 - - [10/Sep/2018:22:15:38 +0800] "GET /kdTest/lib/vue.min.js HTTP/1.1" 200 76666
0:0:0:0:0:0:0:1 - - [10/Sep/2018:22:15:38 +0800] "GET /kdTest/lib/jquery.min.js HTTP/1.1" 200 85578
0:0:0:0:0:0:0:1 - - [10/Sep/2018:22:15:38 +0800] "GET /kdTest/lib/jqgrid/jquery.jqGrid.min.js HTTP/1.1" 200 334714
0:0:0:0:0:0:0:1 - - [10/Sep/2018:22:15:42 +0800] "GET /kdTest/test.html HTTP/1.1" 200 869
0:0:0:0:0:0:0:1 - - [10/Sep/2018:22:15:42 +0800] "GET /kdTest/lib/jquery.min.js HTTP/1.1" 200 85578
0:0:0:0:0:0:0:1 - - [10/Sep/2018:22:15:42 +0800] "GET /kdTest/lib/vue.min.js HTTP/1.1" 200 76666
0:0:0:0:0:0:0:1 - - [10/Sep/2018:22:15:42 +0800] "GET /kdTest/lib/jqgrid/grid.locale-cn.js HTTP/1.1" 200 9375
0:0:0:0:0:0:0:1 - - [10/Sep/2018:22:15:42 +0800] "GET /kdTest/lib/jqgrid/jquery.jqGrid.min.js HTTP/1.1" 200 334714
0:0:0:0:0:0:0:1 - - [10/Sep/2018:22:15:48 +0800] "GET /kdTest/user/usersave.html HTTP/1.1" 404 295
0:0:0:0:0:0:0:1 - - [10/Sep/2018:22:15:56 +0800] "GET /kdTest/user/user.html HTTP/1.1" 404 295
0:0:0:0:0:0:0:1 - - [10/Sep/2018:22:16:22 +0800] "GET /kdTest/main.html HTTP/1.1" 200 1533
0:0:0:0:0:0:0:1 - - [10/Sep/2018:22:16:22 +0800] "GET /kdTest/lib/jquery.min.js HTTP/1.1" 200 85578
0:0:0:0:0:0:0:1 - - [10/Sep/2018:22:16:22 +0800] "GET /kdTest/lib/vue.min.js HTTP/1.1" 200 76666
0:0:0:0:0:0:0:1 - - [10/Sep/2018:22:16:22 +0800] "GET /kdTest/lib/jqgrid/grid.locale-cn.js HTTP/1.1" 200 9375
0:0:0:0:0:0:0:1 - - [10/Sep/2018:22:16:22 +0800] "GET /kdTest/lib/jqgrid/jquery.jqGrid.min.js HTTP/1.1" 200 334714
0:0:0:0:0:0:0:1 - - [10/Sep/2018:22:16:23 +0800] "GET /kdTest/test.html HTTP/1.1" 200 869
0:0:0:0:0:0:0:1 - - [10/Sep/2018:22:16:23 +0800] "GET /kdTest/lib/vue.min.js HTTP/1.1" 200 76666
0:0:0:0:0:0:0:1 - - [10/Sep/2018:22:16:23 +0800] "GET /kdTest/lib/jquery.min.js HTTP/1.1" 200 85578
0:0:0:0:0:0:0:1 - - [10/Sep/2018:22:16:23 +0800] "GET /kdTest/lib/jqgrid/grid.locale-cn.js HTTP/1.1" 200 9375
0:0:0:0:0:0:0:1 - - [10/Sep/2018:22:16:23 +0800] "GET /kdTest/lib/jqgrid/jquery.jqGrid.min.js HTTP/1.1" 200 334714
0:0:0:0:0:0:0:1 - - [10/Sep/2018:22:16:24 +0800] "GET /kdTest/html/usersave.html HTTP/1.1" 200 2068
0:0:0:0:0:0:0:1 - - [10/Sep/2018:22:16:25 +0800] "GET /kdTest/lib/vue.min.js HTTP/1.1" 200 76666
0:0:0:0:0:0:0:1 - - [10/Sep/2018:22:16:25 +0800] "GET /kdTest/lib/jquery.min.js HTTP/1.1" 200 85578
0:0:0:0:0:0:0:1 - - [10/Sep/2018:22:16:25 +0800] "GET /kdTest/lib/jqgrid/grid.locale-cn.js HTTP/1.1" 200 9375
0:0:0:0:0:0:0:1 - - [10/Sep/2018:22:16:25 +0800] "GET /kdTest/lib/jqgrid/jquery.jqGrid.min.js HTTP/1.1" 200 334714
0:0:0:0:0:0:0:1 - - [10/Sep/2018:22:16:26 +0800] "GET /kdTest/html/user.html HTTP/1.1" 200 2000
0:0:0:0:0:0:0:1 - - [10/Sep/2018:22:16:26 +0800] "GET /kdTest/lib/jquery.min.js HTTP/1.1" 200 85578
0:0:0:0:0:0:0:1 - - [10/Sep/2018:22:16:26 +0800] "GET /kdTest/lib/vue.min.js HTTP/1.1" 200 76666
0:0:0:0:0:0:0:1 - - [10/Sep/2018:22:16:26 +0800] "GET /kdTest/lib/jqgrid/grid.locale-cn.js HTTP/1.1" 200 9375
0:0:0:0:0:0:0:1 - - [10/Sep/2018:22:16:26 +0800] "GET /kdTest/lib/jqgrid/jquery.jqGrid.min.js HTTP/1.1" 200 334714
0:0:0:0:0:0:0:1 - - [10/Sep/2018:22:16:26 +0800] "GET /kdTest/user/list?_search=false&nd=1536588986821&limit=10&page=1&sidx=&order=asc HTTP/1.1" 200 56
0:0:0:0:0:0:0:1 - - [10/Sep/2018:22:16:28 +0800] "GET /kdTest/html/usersave.html HTTP/1.1" 200 2068
0:0:0:0:0:0:0:1 - - [10/Sep/2018:22:16:28 +0800] "GET /kdTest/lib/jquery.min.js HTTP/1.1" 200 85578
0:0:0:0:0:0:0:1 - - [10/Sep/2018:22:16:28 +0800] "GET /kdTest/lib/vue.min.js HTTP/1.1" 200 76666
0:0:0:0:0:0:0:1 - - [10/Sep/2018:22:16:28 +0800] "GET /kdTest/lib/jqgrid/grid.locale-cn.js HTTP/1.1" 200 9375
0:0:0:0:0:0:0:1 - - [10/Sep/2018:22:16:28 +0800] "GET /kdTest/lib/jqgrid/jquery.jqGrid.min.js HTTP/1.1" 200 334714
0:0:0:0:0:0:0:1 - - [10/Sep/2018:22:16:34 +0800] "GET /kdTest/html/user.html HTTP/1.1" 200 2000
0:0:0:0:0:0:0:1 - - [10/Sep/2018:22:16:34 +0800] "GET /kdTest/lib/vue.min.js HTTP/1.1" 200 76666
0:0:0:0:0:0:0:1 - - [10/Sep/2018:22:16:34 +0800] "GET /kdTest/lib/jquery.min.js HTTP/1.1" 200 85578
0:0:0:0:0:0:0:1 - - [10/Sep/2018:22:16:34 +0800] "GET /kdTest/lib/jqgrid/jquery.jqGrid.min.js HTTP/1.1" 200 334714
0:0:0:0:0:0:0:1 - - [10/Sep/2018:22:16:34 +0800] "GET /kdTest/lib/jqgrid/grid.locale-cn.js HTTP/1.1" 200 9375
0:0:0:0:0:0:0:1 - - [10/Sep/2018:22:16:34 +0800] "GET /kdTest/user/list?_search=false&nd=1536588994713&limit=10&page=1&sidx=&order=asc HTTP/1.1" 200 56
0:0:0:0:0:0:0:1 - - [10/Sep/2018:22:16:39 +0800] "GET /kdTest/html/usersave.html HTTP/1.1" 200 2068
0:0:0:0:0:0:0:1 - - [10/Sep/2018:22:16:39 +0800] "GET /kdTest/lib/jquery.min.js HTTP/1.1" 200 85578
0:0:0:0:0:0:0:1 - - [10/Sep/2018:22:16:39 +0800] "GET /kdTest/lib/vue.min.js HTTP/1.1" 200 76666
0:0:0:0:0:0:0:1 - - [10/Sep/2018:22:16:39 +0800] "GET /kdTest/lib/jqgrid/grid.locale-cn.js HTTP/1.1" 200 9375
0:0:0:0:0:0:0:1 - - [10/Sep/2018:22:16:39 +0800] "GET /kdTest/lib/jqgrid/jquery.jqGrid.min.js HTTP/1.1" 200 334714
0:0:0:0:0:0:0:1 - - [10/Sep/2018:22:19:18 +0800] "GET /kdTest/main.html HTTP/1.1" 200 1524
0:0:0:0:0:0:0:1 - - [10/Sep/2018:22:19:18 +0800] "GET /kdTest/lib/jquery.min.js HTTP/1.1" 200 85578
0:0:0:0:0:0:0:1 - - [10/Sep/2018:22:19:18 +0800] "GET /kdTest/lib/jqgrid/grid.locale-cn.js HTTP/1.1" 200 9375
0:0:0:0:0:0:0:1 - - [10/Sep/2018:22:19:18 +0800] "GET /kdTest/lib/jqgrid/jquery.jqGrid.min.js HTTP/1.1" 200 334714
0:0:0:0:0:0:0:1 - - [10/Sep/2018:22:19:18 +0800] "GET /kdTest/lib/vue.min.js HTTP/1.1" 200 76666
0:0:0:0:0:0:0:1 - - [10/Sep/2018:22:19:20 +0800] "GET /kdTest/html/usersave.html HTTP/1.1" 200 2178
0:0:0:0:0:0:0:1 - - [10/Sep/2018:22:19:20 +0800] "GET /kdTest/lib/vue.min.js HTTP/1.1" 200 76666
0:0:0:0:0:0:0:1 - - [10/Sep/2018:22:19:20 +0800] "GET /kdTest/lib/jquery.min.js HTTP/1.1" 200 85578
0:0:0:0:0:0:0:1 - - [10/Sep/2018:22:19:20 +0800] "GET /kdTest/lib/jqgrid/grid.locale-cn.js HTTP/1.1" 200 9375
0:0:0:0:0:0:0:1 - - [10/Sep/2018:22:19:20 +0800] "GET /kdTest/lib/jqgrid/jquery.jqGrid.min.js HTTP/1.1" 200 334714
0:0:0:0:0:0:0:1 - - [10/Sep/2018:22:19:35 +0800] "PUT /kdTest/user/save HTTP/1.1" 200 13
0:0:0:0:0:0:0:1 - - [10/Sep/2018:22:20:39 +0800] "PUT /kdTest/user/save HTTP/1.1" 200 13
0:0:0:0:0:0:0:1 - - [10/Sep/2018:22:22:59 +0800] "GET /kdTest/main.html HTTP/1.1" 200 1524
0:0:0:0:0:0:0:1 - - [10/Sep/2018:22:22:59 +0800] "GET /kdTest/lib/jqgrid/grid.locale-cn.js HTTP/1.1" 200 9375
0:0:0:0:0:0:0:1 - - [10/Sep/2018:22:22:59 +0800] "GET /kdTest/lib/vue.min.js HTTP/1.1" 200 76666
0:0:0:0:0:0:0:1 - - [10/Sep/2018:22:22:59 +0800] "GET /kdTest/lib/jqgrid/jquery.jqGrid.min.js HTTP/1.1" 200 334714
0:0:0:0:0:0:0:1 - - [10/Sep/2018:22:22:59 +0800] "GET /kdTest/lib/jquery.min.js HTTP/1.1" 200 85578
0:0:0:0:0:0:0:1 - - [10/Sep/2018:22:23:01 +0800] "GET /kdTest/html/usersave.html HTTP/1.1" 200 2178
0:0:0:0:0:0:0:1 - - [10/Sep/2018:22:23:01 +0800] "GET /kdTest/lib/jquery.min.js HTTP/1.1" 200 85578
0:0:0:0:0:0:0:1 - - [10/Sep/2018:22:23:01 +0800] "GET /kdTest/lib/vue.min.js HTTP/1.1" 200 76666
0:0:0:0:0:0:0:1 - - [10/Sep/2018:22:23:01 +0800] "GET /kdTest/lib/jqgrid/grid.locale-cn.js HTTP/1.1" 200 9375
0:0:0:0:0:0:0:1 - - [10/Sep/2018:22:23:01 +0800] "GET /kdTest/lib/jqgrid/jquery.jqGrid.min.js HTTP/1.1" 200 334714
0:0:0:0:0:0:0:1 - - [10/Sep/2018:22:23:05 +0800] "PUT /kdTest/user/save HTTP/1.1" 400 207
0:0:0:0:0:0:0:1 - - [10/Sep/2018:22:25:47 +0800] "GET /kdTest/main.html HTTP/1.1" 200 1524
0:0:0:0:0:0:0:1 - - [10/Sep/2018:22:25:47 +0800] "GET /kdTest/lib/jqgrid/grid.locale-cn.js HTTP/1.1" 200 9375
0:0:0:0:0:0:0:1 - - [10/Sep/2018:22:25:47 +0800] "GET /kdTest/lib/jquery.min.js HTTP/1.1" 200 85578
0:0:0:0:0:0:0:1 - - [10/Sep/2018:22:25:47 +0800] "GET /kdTest/lib/jqgrid/jquery.jqGrid.min.js HTTP/1.1" 200 334714
0:0:0:0:0:0:0:1 - - [10/Sep/2018:22:25:47 +0800] "GET /kdTest/lib/vue.min.js HTTP/1.1" 200 76666
0:0:0:0:0:0:0:1 - - [10/Sep/2018:22:25:49 +0800] "GET /kdTest/html/usersave.html HTTP/1.1" 200 2175
0:0:0:0:0:0:0:1 - - [10/Sep/2018:22:25:49 +0800] "GET /kdTest/lib/jquery.min.js HTTP/1.1" 200 85578
0:0:0:0:0:0:0:1 - - [10/Sep/2018:22:25:49 +0800] "GET /kdTest/lib/vue.min.js HTTP/1.1" 200 76666
0:0:0:0:0:0:0:1 - - [10/Sep/2018:22:25:49 +0800] "GET /kdTest/lib/jqgrid/grid.locale-cn.js HTTP/1.1" 200 9375
0:0:0:0:0:0:0:1 - - [10/Sep/2018:22:25:49 +0800] "GET /kdTest/lib/jqgrid/jquery.jqGrid.min.js HTTP/1.1" 200 334714
0:0:0:0:0:0:0:1 - - [10/Sep/2018:22:25:53 +0800] "PUT /kdTest/html/user/save HTTP/1.1" 404 125
0:0:0:0:0:0:0:1 - - [10/Sep/2018:22:27:53 +0800] "GET /kdTest/main.html HTTP/1.1" 200 1524
0:0:0:0:0:0:0:1 - - [10/Sep/2018:22:27:53 +0800] "GET /kdTest/lib/jquery.min.js HTTP/1.1" 200 85578
0:0:0:0:0:0:0:1 - - [10/Sep/2018:22:27:53 +0800] "GET /kdTest/lib/vue.min.js HTTP/1.1" 200 76666
0:0:0:0:0:0:0:1 - - [10/Sep/2018:22:27:53 +0800] "GET /kdTest/lib/jqgrid/grid.locale-cn.js HTTP/1.1" 200 9375
0:0:0:0:0:0:0:1 - - [10/Sep/2018:22:27:53 +0800] "GET /kdTest/lib/jqgrid/jquery.jqGrid.min.js HTTP/1.1" 200 334714
0:0:0:0:0:0:0:1 - - [10/Sep/2018:22:27:56 +0800] "GET /kdTest/html/usersave.html HTTP/1.1" 200 2178
0:0:0:0:0:0:0:1 - - [10/Sep/2018:22:27:56 +0800] "GET /kdTest/lib/vue.min.js HTTP/1.1" 200 76666
0:0:0:0:0:0:0:1 - - [10/Sep/2018:22:27:56 +0800] "GET /kdTest/lib/jquery.min.js HTTP/1.1" 200 85578
0:0:0:0:0:0:0:1 - - [10/Sep/2018:22:27:56 +0800] "GET /kdTest/lib/jqgrid/grid.locale-cn.js HTTP/1.1" 200 9375
0:0:0:0:0:0:0:1 - - [10/Sep/2018:22:27:56 +0800] "GET /kdTest/lib/jqgrid/jquery.jqGrid.min.js HTTP/1.1" 200 334714
0:0:0:0:0:0:0:1 - - [10/Sep/2018:22:27:59 +0800] "PUT /kdTest/user/save HTTP/1.1" 400 207
0:0:0:0:0:0:0:1 - - [10/Sep/2018:22:28:18 +0800] "PUT /kdTest/user/save HTTP/1.1" 400 207
0:0:0:0:0:0:0:1 - - [10/Sep/2018:22:29:05 +0800] "GET /kdTest/main.html HTTP/1.1" 200 1524
0:0:0:0:0:0:0:1 - - [10/Sep/2018:22:29:05 +0800] "GET /kdTest/lib/jqgrid/grid.locale-cn.js HTTP/1.1" 200 9375
0:0:0:0:0:0:0:1 - - [10/Sep/2018:22:29:05 +0800] "GET /kdTest/lib/jquery.min.js HTTP/1.1" 200 85578
0:0:0:0:0:0:0:1 - - [10/Sep/2018:22:29:05 +0800] "GET /kdTest/lib/vue.min.js HTTP/1.1" 200 76666
0:0:0:0:0:0:0:1 - - [10/Sep/2018:22:29:05 +0800] "GET /kdTest/lib/jqgrid/jquery.jqGrid.min.js HTTP/1.1" 200 334714
0:0:0:0:0:0:0:1 - - [10/Sep/2018:22:29:08 +0800] "GET /kdTest/html/usersave.html HTTP/1.1" 200 2179
0:0:0:0:0:0:0:1 - - [10/Sep/2018:22:29:08 +0800] "GET /kdTest/lib/jquery.min.js HTTP/1.1" 200 85578
0:0:0:0:0:0:0:1 - - [10/Sep/2018:22:29:08 +0800] "GET /kdTest/lib/vue.min.js HTTP/1.1" 200 76666
0:0:0:0:0:0:0:1 - - [10/Sep/2018:22:29:08 +0800] "GET /kdTest/lib/jqgrid/grid.locale-cn.js HTTP/1.1" 200 9375
0:0:0:0:0:0:0:1 - - [10/Sep/2018:22:29:08 +0800] "GET /kdTest/lib/jqgrid/jquery.jqGrid.min.js HTTP/1.1" 200 334714
0:0:0:0:0:0:0:1 - - [10/Sep/2018:22:29:11 +0800] "POST /kdTest/user/save HTTP/1.1" 500 300
0:0:0:0:0:0:0:1 - - [10/Sep/2018:22:29:28 +0800] "POST /kdTest/user/save HTTP/1.1" 500 300
0:0:0:0:0:0:0:1 - - [10/Sep/2018:22:30:29 +0800] "GET /kdTest/main.html HTTP/1.1" 200 1524
0:0:0:0:0:0:0:1 - - [10/Sep/2018:22:30:29 +0800] "GET /kdTest/lib/jquery.min.js HTTP/1.1" 200 85578
0:0:0:0:0:0:0:1 - - [10/Sep/2018:22:30:29 +0800] "GET /kdTest/lib/jqgrid/jquery.jqGrid.min.js HTTP/1.1" 200 334714
0:0:0:0:0:0:0:1 - - [10/Sep/2018:22:30:29 +0800] "GET /kdTest/lib/jqgrid/grid.locale-cn.js HTTP/1.1" 200 9375
0:0:0:0:0:0:0:1 - - [10/Sep/2018:22:30:29 +0800] "GET /kdTest/lib/vue.min.js HTTP/1.1" 200 76666
0:0:0:0:0:0:0:1 - - [10/Sep/2018:22:30:31 +0800] "GET /kdTest/html/usersave.html HTTP/1.1" 200 2183
0:0:0:0:0:0:0:1 - - [10/Sep/2018:22:30:31 +0800] "GET /kdTest/lib/vue.min.js HTTP/1.1" 200 76666
0:0:0:0:0:0:0:1 - - [10/Sep/2018:22:30:31 +0800] "GET /kdTest/lib/jquery.min.js HTTP/1.1" 200 85578
0:0:0:0:0:0:0:1 - - [10/Sep/2018:22:30:31 +0800] "GET /kdTest/lib/jqgrid/grid.locale-cn.js HTTP/1.1" 200 9375
0:0:0:0:0:0:0:1 - - [10/Sep/2018:22:30:31 +0800] "GET /kdTest/lib/jqgrid/jquery.jqGrid.min.js HTTP/1.1" 200 334714
0:0:0:0:0:0:0:1 - - [10/Sep/2018:22:30:33 +0800] "POST /kdTest/user/save HTTP/1.1" 500 300
0:0:0:0:0:0:0:1 - - [10/Sep/2018:22:32:42 +0800] "GET /kdTest/main.html HTTP/1.1" 200 1524
0:0:0:0:0:0:0:1 - - [10/Sep/2018:22:32:42 +0800] "GET /kdTest/lib/jqgrid/grid.locale-cn.js HTTP/1.1" 200 9375
0:0:0:0:0:0:0:1 - - [10/Sep/2018:22:32:42 +0800] "GET /kdTest/lib/jquery.min.js HTTP/1.1" 200 85578
0:0:0:0:0:0:0:1 - - [10/Sep/2018:22:32:42 +0800] "GET /kdTest/lib/vue.min.js HTTP/1.1" 200 76666
0:0:0:0:0:0:0:1 - - [10/Sep/2018:22:32:42 +0800] "GET /kdTest/lib/jqgrid/jquery.jqGrid.min.js HTTP/1.1" 200 334714
0:0:0:0:0:0:0:1 - - [10/Sep/2018:22:32:44 +0800] "GET /kdTest/html/usersave.html HTTP/1.1" 200 2189
0:0:0:0:0:0:0:1 - - [10/Sep/2018:22:32:44 +0800] "GET /kdTest/lib/jquery.min.js HTTP/1.1" 200 85578
0:0:0:0:0:0:0:1 - - [10/Sep/2018:22:32:44 +0800] "GET /kdTest/lib/vue.min.js HTTP/1.1" 200 76666
0:0:0:0:0:0:0:1 - - [10/Sep/2018:22:32:44 +0800] "GET /kdTest/lib/jqgrid/grid.locale-cn.js HTTP/1.1" 200 9375
0:0:0:0:0:0:0:1 - - [10/Sep/2018:22:32:44 +0800] "GET /kdTest/lib/jqgrid/jquery.jqGrid.min.js HTTP/1.1" 200 334714
0:0:0:0:0:0:0:1 - - [10/Sep/2018:22:32:47 +0800] "POST /kdTest/user/save HTTP/1.1" 500 272
0:0:0:0:0:0:0:1 - - [10/Sep/2018:22:33:06 +0800] "POST /kdTest/user/save HTTP/1.1" 500 272
0:0:0:0:0:0:0:1 - - [10/Sep/2018:22:34:29 +0800] "GET /kdTest/main.html HTTP/1.1" 200 1524
0:0:0:0:0:0:0:1 - - [10/Sep/2018:22:34:29 +0800] "GET /kdTest/lib/jqgrid/grid.locale-cn.js HTTP/1.1" 200 9375
0:0:0:0:0:0:0:1 - - [10/Sep/2018:22:34:29 +0800] "GET /kdTest/lib/jqgrid/jquery.jqGrid.min.js HTTP/1.1" 200 334714
0:0:0:0:0:0:0:1 - - [10/Sep/2018:22:34:29 +0800] "GET /kdTest/lib/jquery.min.js HTTP/1.1" 200 85578
0:0:0:0:0:0:0:1 - - [10/Sep/2018:22:34:29 +0800] "GET /kdTest/lib/vue.min.js HTTP/1.1" 200 76666
0:0:0:0:0:0:0:1 - - [10/Sep/2018:22:34:31 +0800] "GET /kdTest/html/usersave.html HTTP/1.1" 200 2120
0:0:0:0:0:0:0:1 - - [10/Sep/2018:22:34:31 +0800] "GET /kdTest/lib/vue.min.js HTTP/1.1" 200 76666
0:0:0:0:0:0:0:1 - - [10/Sep/2018:22:34:31 +0800] "GET /kdTest/lib/jquery.min.js HTTP/1.1" 200 85578
0:0:0:0:0:0:0:1 - - [10/Sep/2018:22:34:31 +0800] "GET /kdTest/lib/jqgrid/grid.locale-cn.js HTTP/1.1" 200 9375
0:0:0:0:0:0:0:1 - - [10/Sep/2018:22:34:31 +0800] "GET /kdTest/lib/jqgrid/jquery.jqGrid.min.js HTTP/1.1" 200 334714
0:0:0:0:0:0:0:1 - - [10/Sep/2018:22:34:52 +0800] "POST /kdTest/user/save HTTP/1.1" 500 300
0:0:0:0:0:0:0:1 - - [10/Sep/2018:22:36:29 +0800] "GET /kdTest/main.html HTTP/1.1" 200 1524
0:0:0:0:0:0:0:1 - - [10/Sep/2018:22:36:29 +0800] "GET /kdTest/lib/vue.min.js HTTP/1.1" 200 76666
0:0:0:0:0:0:0:1 - - [10/Sep/2018:22:36:29 +0800] "GET /kdTest/lib/jquery.min.js HTTP/1.1" 200 85578
0:0:0:0:0:0:0:1 - - [10/Sep/2018:22:36:29 +0800] "GET /kdTest/lib/jqgrid/jquery.jqGrid.min.js HTTP/1.1" 200 334714
0:0:0:0:0:0:0:1 - - [10/Sep/2018:22:36:29 +0800] "GET /kdTest/lib/jqgrid/grid.locale-cn.js HTTP/1.1" 200 9375
0:0:0:0:0:0:0:1 - - [10/Sep/2018:22:36:31 +0800] "GET /kdTest/html/usersave.html HTTP/1.1" 200 2182
0:0:0:0:0:0:0:1 - - [10/Sep/2018:22:36:31 +0800] "GET /kdTest/lib/jquery.min.js HTTP/1.1" 200 85578
0:0:0:0:0:0:0:1 - - [10/Sep/2018:22:36:31 +0800] "GET /kdTest/lib/vue.min.js HTTP/1.1" 200 76666
0:0:0:0:0:0:0:1 - - [10/Sep/2018:22:36:31 +0800] "GET /kdTest/lib/jqgrid/grid.locale-cn.js HTTP/1.1" 200 9375
0:0:0:0:0:0:0:1 - - [10/Sep/2018:22:36:31 +0800] "GET /kdTest/lib/jqgrid/jquery.jqGrid.min.js HTTP/1.1" 200 334714
0:0:0:0:0:0:0:1 - - [10/Sep/2018:22:36:47 +0800] "POST /kdTest/user/save HTTP/1.1" 200 13
0:0:0:0:0:0:0:1 - - [10/Sep/2018:22:37:06 +0800] "GET /kdTest/html/user.html HTTP/1.1" 200 2000
0:0:0:0:0:0:0:1 - - [10/Sep/2018:22:37:06 +0800] "GET /kdTest/lib/jquery.min.js HTTP/1.1" 200 85578
0:0:0:0:0:0:0:1 - - [10/Sep/2018:22:37:06 +0800] "GET /kdTest/lib/vue.min.js HTTP/1.1" 200 76666
0:0:0:0:0:0:0:1 - - [10/Sep/2018:22:37:06 +0800] "GET /kdTest/lib/jqgrid/grid.locale-cn.js HTTP/1.1" 200 9375
0:0:0:0:0:0:0:1 - - [10/Sep/2018:22:37:06 +0800] "GET /kdTest/lib/jqgrid/jquery.jqGrid.min.js HTTP/1.1" 200 334714
0:0:0:0:0:0:0:1 - - [10/Sep/2018:22:37:06 +0800] "GET /kdTest/user/list?_search=false&nd=1536590226375&limit=10&page=1&sidx=&order=asc HTTP/1.1" 200 148
0:0:0:0:0:0:0:1 - - [10/Sep/2018:22:37:21 +0800] "GET /kdTest/main.html HTTP/1.1" 200 1524
0:0:0:0:0:0:0:1 - - [10/Sep/2018:22:37:21 +0800] "GET /kdTest/lib/jquery.min.js HTTP/1.1" 200 85578
0:0:0:0:0:0:0:1 - - [10/Sep/2018:22:37:21 +0800] "GET /kdTest/lib/jqgrid/jquery.jqGrid.min.js HTTP/1.1" 200 334714
0:0:0:0:0:0:0:1 - - [10/Sep/2018:22:37:21 +0800] "GET /kdTest/lib/vue.min.js HTTP/1.1" 200 76666
0:0:0:0:0:0:0:1 - - [10/Sep/2018:22:37:21 +0800] "GET /kdTest/lib/jqgrid/grid.locale-cn.js HTTP/1.1" 200 9375
0:0:0:0:0:0:0:1 - - [10/Sep/2018:22:37:24 +0800] "GET /kdTest/html/user.html HTTP/1.1" 200 2000
0:0:0:0:0:0:0:1 - - [10/Sep/2018:22:37:24 +0800] "GET /kdTest/lib/vue.min.js HTTP/1.1" 200 76666
0:0:0:0:0:0:0:1 - - [10/Sep/2018:22:37:24 +0800] "GET /kdTest/lib/jquery.min.js HTTP/1.1" 200 85578
0:0:0:0:0:0:0:1 - - [10/Sep/2018:22:37:24 +0800] "GET /kdTest/lib/jqgrid/grid.locale-cn.js HTTP/1.1" 200 9375
0:0:0:0:0:0:0:1 - - [10/Sep/2018:22:37:24 +0800] "GET /kdTest/lib/jqgrid/jquery.jqGrid.min.js HTTP/1.1" 200 334714
0:0:0:0:0:0:0:1 - - [10/Sep/2018:22:38:30 +0800] "GET /kdTest/main.html HTTP/1.1" 200 1524
0:0:0:0:0:0:0:1 - - [10/Sep/2018:22:38:30 +0800] "GET /kdTest/lib/jqgrid/grid.locale-cn.js HTTP/1.1" 200 9375
0:0:0:0:0:0:0:1 - - [10/Sep/2018:22:38:30 +0800] "GET /kdTest/lib/vue.min.js HTTP/1.1" 200 76666
0:0:0:0:0:0:0:1 - - [10/Sep/2018:22:38:30 +0800] "GET /kdTest/lib/jquery.min.js HTTP/1.1" 200 85578
0:0:0:0:0:0:0:1 - - [10/Sep/2018:22:38:30 +0800] "GET /kdTest/lib/jqgrid/jquery.jqGrid.min.js HTTP/1.1" 200 334714
0:0:0:0:0:0:0:1 - - [10/Sep/2018:22:38:32 +0800] "GET /kdTest/html/user.html HTTP/1.1" 200 2000
0:0:0:0:0:0:0:1 - - [10/Sep/2018:22:38:32 +0800] "GET /kdTest/lib/jquery.min.js HTTP/1.1" 200 85578
0:0:0:0:0:0:0:1 - - [10/Sep/2018:22:38:32 +0800] "GET /kdTest/lib/vue.min.js HTTP/1.1" 200 76666
0:0:0:0:0:0:0:1 - - [10/Sep/2018:22:38:32 +0800] "GET /kdTest/lib/jqgrid/grid.locale-cn.js HTTP/1.1" 200 9375
0:0:0:0:0:0:0:1 - - [10/Sep/2018:22:38:32 +0800] "GET /kdTest/lib/jqgrid/jquery.jqGrid.min.js HTTP/1.1" 200 334714
0:0:0:0:0:0:0:1 - - [10/Sep/2018:22:38:38 +0800] "GET /kdTest/user/list?_search=false&nd=1536590312279&limit=10&page=1&sidx=&order=asc HTTP/1.1" 200 148
0:0:0:0:0:0:0:1 - - [10/Sep/2018:22:39:28 +0800] "GET /kdTest/main.html HTTP/1.1" 200 1524
0:0:0:0:0:0:0:1 - - [10/Sep/2018:22:39:28 +0800] "GET /kdTest/lib/jqgrid/grid.locale-cn.js HTTP/1.1" 200 9375
0:0:0:0:0:0:0:1 - - [10/Sep/2018:22:39:28 +0800] "GET /kdTest/lib/jqgrid/jquery.jqGrid.min.js HTTP/1.1" 200 334714
0:0:0:0:0:0:0:1 - - [10/Sep/2018:22:39:28 +0800] "GET /kdTest/lib/vue.min.js HTTP/1.1" 200 76666
0:0:0:0:0:0:0:1 - - [10/Sep/2018:22:39:28 +0800] "GET /kdTest/lib/jquery.min.js HTTP/1.1" 200 85578
0:0:0:0:0:0:0:1 - - [10/Sep/2018:22:39:30 +0800] "GET /kdTest/html/user.html HTTP/1.1" 200 1932
0:0:0:0:0:0:0:1 - - [10/Sep/2018:22:39:31 +0800] "GET /kdTest/lib/vue.min.js HTTP/1.1" 200 76666
0:0:0:0:0:0:0:1 - - [10/Sep/2018:22:39:31 +0800] "GET /kdTest/lib/jquery.min.js HTTP/1.1" 200 85578
0:0:0:0:0:0:0:1 - - [10/Sep/2018:22:39:31 +0800] "GET /kdTest/lib/jqgrid/grid.locale-cn.js HTTP/1.1" 200 9375
0:0:0:0:0:0:0:1 - - [10/Sep/2018:22:39:31 +0800] "GET /kdTest/lib/jqgrid/jquery.jqGrid.min.js HTTP/1.1" 200 334714
0:0:0:0:0:0:0:1 - - [10/Sep/2018:22:39:31 +0800] "GET /kdTest/user/list?_search=false&nd=1536590371114&limit=10&page=1&sidx=&order=asc HTTP/1.1" 200 148
0:0:0:0:0:0:0:1 - - [10/Sep/2018:22:39:32 +0800] "GET /kdTest/html/user.html HTTP/1.1" 200 1932
0:0:0:0:0:0:0:1 - - [10/Sep/2018:22:39:32 +0800] "GET /kdTest/lib/jquery.min.js HTTP/1.1" 200 85578
0:0:0:0:0:0:0:1 - - [10/Sep/2018:22:39:32 +0800] "GET /kdTest/lib/vue.min.js HTTP/1.1" 200 76666
0:0:0:0:0:0:0:1 - - [10/Sep/2018:22:39:32 +0800] "GET /kdTest/lib/jqgrid/grid.locale-cn.js HTTP/1.1" 200 9375
0:0:0:0:0:0:0:1 - - [10/Sep/2018:22:39:32 +0800] "GET /kdTest/lib/jqgrid/jquery.jqGrid.min.js HTTP/1.1" 200 334714
0:0:0:0:0:0:0:1 - - [10/Sep/2018:22:39:33 +0800] "GET /kdTest/user/list?_search=false&nd=1536590373070&limit=10&page=1&sidx=&order=asc HTTP/1.1" 200 148
0:0:0:0:0:0:0:1 - - [10/Sep/2018:22:39:33 +0800] "GET /kdTest/html/user.html HTTP/1.1" 200 1932
0:0:0:0:0:0:0:1 - - [10/Sep/2018:22:39:33 +0800] "GET /kdTest/lib/vue.min.js HTTP/1.1" 200 76666
0:0:0:0:0:0:0:1 - - [10/Sep/2018:22:39:33 +0800] "GET /kdTest/lib/jquery.min.js HTTP/1.1" 200 85578
0:0:0:0:0:0:0:1 - - [10/Sep/2018:22:39:33 +0800] "GET /kdTest/lib/jqgrid/grid.locale-cn.js HTTP/1.1" 200 9375
0:0:0:0:0:0:0:1 - - [10/Sep/2018:22:39:33 +0800] "GET /kdTest/lib/jqgrid/jquery.jqGrid.min.js HTTP/1.1" 200 334714
0:0:0:0:0:0:0:1 - - [10/Sep/2018:22:39:33 +0800] "GET /kdTest/user/list?_search=false&nd=1536590373572&limit=10&page=1&sidx=&order=asc HTTP/1.1" 200 148
0:0:0:0:0:0:0:1 - - [10/Sep/2018:22:39:33 +0800] "GET /kdTest/html/user.html HTTP/1.1" 200 1932
0:0:0:0:0:0:0:1 - - [10/Sep/2018:22:39:33 +0800] "GET /kdTest/lib/jquery.min.js HTTP/1.1" 200 85578
0:0:0:0:0:0:0:1 - - [10/Sep/2018:22:39:33 +0800] "GET /kdTest/lib/vue.min.js HTTP/1.1" 200 76666
0:0:0:0:0:0:0:1 - - [10/Sep/2018:22:39:33 +0800] "GET /kdTest/lib/jqgrid/grid.locale-cn.js HTTP/1.1" 200 9375
0:0:0:0:0:0:0:1 - - [10/Sep/2018:22:39:33 +0800] "GET /kdTest/lib/jqgrid/jquery.jqGrid.min.js HTTP/1.1" 200 334714
0:0:0:0:0:0:0:1 - - [10/Sep/2018:22:39:33 +0800] "GET /kdTest/user/list?_search=false&nd=1536590373832&limit=10&page=1&sidx=&order=asc HTTP/1.1" 200 148
0:0:0:0:0:0:0:1 - - [10/Sep/2018:22:39:33 +0800] "GET /kdTest/html/user.html HTTP/1.1" 200 1932
0:0:0:0:0:0:0:1 - - [10/Sep/2018:22:39:33 +0800] "GET /kdTest/lib/vue.min.js HTTP/1.1" 200 76666
0:0:0:0:0:0:0:1 - - [10/Sep/2018:22:39:33 +0800] "GET /kdTest/lib/jquery.min.js HTTP/1.1" 200 85578
0:0:0:0:0:0:0:1 - - [10/Sep/2018:22:39:33 +0800] "GET /kdTest/lib/jqgrid/grid.locale-cn.js HTTP/1.1" 200 9375
0:0:0:0:0:0:0:1 - - [10/Sep/2018:22:39:33 +0800] "GET /kdTest/lib/jqgrid/jquery.jqGrid.min.js HTTP/1.1" 200 334714
0:0:0:0:0:0:0:1 - - [10/Sep/2018:22:39:34 +0800] "GET /kdTest/user/list?_search=false&nd=1536590374062&limit=10&page=1&sidx=&order=asc HTTP/1.1" 200 148
0:0:0:0:0:0:0:1 - - [10/Sep/2018:22:39:35 +0800] "GET /kdTest/html/user.html HTTP/1.1" 200 1932
0:0:0:0:0:0:0:1 - - [10/Sep/2018:22:39:35 +0800] "GET /kdTest/lib/jquery.min.js HTTP/1.1" 200 85578
0:0:0:0:0:0:0:1 - - [10/Sep/2018:22:39:35 +0800] "GET /kdTest/lib/vue.min.js HTTP/1.1" 200 76666
0:0:0:0:0:0:0:1 - - [10/Sep/2018:22:39:35 +0800] "GET /kdTest/lib/jqgrid/grid.locale-cn.js HTTP/1.1" 200 9375
0:0:0:0:0:0:0:1 - - [10/Sep/2018:22:39:35 +0800] "GET /kdTest/lib/jqgrid/jquery.jqGrid.min.js HTTP/1.1" 200 334714
0:0:0:0:0:0:0:1 - - [10/Sep/2018:22:39:35 +0800] "GET /kdTest/user/list?_search=false&nd=1536590375480&limit=10&page=1&sidx=&order=asc HTTP/1.1" 200 148
0:0:0:0:0:0:0:1 - - [10/Sep/2018:22:39:36 +0800] "GET /kdTest/html/user.html HTTP/1.1" 200 1932
0:0:0:0:0:0:0:1 - - [10/Sep/2018:22:39:36 +0800] "GET /kdTest/lib/jquery.min.js HTTP/1.1" 200 85578
0:0:0:0:0:0:0:1 - - [10/Sep/2018:22:39:36 +0800] "GET /kdTest/lib/vue.min.js HTTP/1.1" 200 76666
0:0:0:0:0:0:0:1 - - [10/Sep/2018:22:39:36 +0800] "GET /kdTest/lib/jqgrid/grid.locale-cn.js HTTP/1.1" 200 9375
0:0:0:0:0:0:0:1 - - [10/Sep/2018:22:39:36 +0800] "GET /kdTest/lib/jqgrid/jquery.jqGrid.min.js HTTP/1.1" 200 334714
0:0:0:0:0:0:0:1 - - [10/Sep/2018:22:39:36 +0800] "GET /kdTest/user/list?_search=false&nd=1536590376197&limit=10&page=1&sidx=&order=asc HTTP/1.1" 200 148
0:0:0:0:0:0:0:1 - - [10/Sep/2018:22:39:36 +0800] "GET /kdTest/html/user.html HTTP/1.1" 200 1932
0:0:0:0:0:0:0:1 - - [10/Sep/2018:22:39:36 +0800] "GET /kdTest/lib/vue.min.js HTTP/1.1" 200 76666
0:0:0:0:0:0:0:1 - - [10/Sep/2018:22:39:36 +0800] "GET /kdTest/lib/jquery.min.js HTTP/1.1" 200 85578
0:0:0:0:0:0:0:1 - - [10/Sep/2018:22:39:36 +0800] "GET /kdTest/lib/jqgrid/grid.locale-cn.js HTTP/1.1" 200 9375
0:0:0:0:0:0:0:1 - - [10/Sep/2018:22:39:36 +0800] "GET /kdTest/lib/jqgrid/jquery.jqGrid.min.js HTTP/1.1" 200 334714
0:0:0:0:0:0:0:1 - - [10/Sep/2018:22:39:36 +0800] "GET /kdTest/user/list?_search=false&nd=1536590376902&limit=10&page=1&sidx=&order=asc HTTP/1.1" 200 148
0:0:0:0:0:0:0:1 - - [10/Sep/2018:22:39:37 +0800] "GET /kdTest/html/user.html HTTP/1.1" 200 1932
0:0:0:0:0:0:0:1 - - [10/Sep/2018:22:39:37 +0800] "GET /kdTest/lib/vue.min.js HTTP/1.1" 200 76666
0:0:0:0:0:0:0:1 - - [10/Sep/2018:22:39:37 +0800] "GET /kdTest/lib/jquery.min.js HTTP/1.1" 200 85578
0:0:0:0:0:0:0:1 - - [10/Sep/2018:22:39:37 +0800] "GET /kdTest/lib/jqgrid/grid.locale-cn.js HTTP/1.1" 200 9375
0:0:0:0:0:0:0:1 - - [10/Sep/2018:22:39:37 +0800] "GET /kdTest/lib/jqgrid/jquery.jqGrid.min.js HTTP/1.1" 200 334714
0:0:0:0:0:0:0:1 - - [10/Sep/2018:22:39:37 +0800] "GET /kdTest/user/list?_search=false&nd=1536590377503&limit=10&page=1&sidx=&order=asc HTTP/1.1" 200 148
0:0:0:0:0:0:0:1 - - [10/Sep/2018:22:39:37 +0800] "GET /kdTest/html/user.html HTTP/1.1" 200 1932
0:0:0:0:0:0:0:1 - - [10/Sep/2018:22:39:37 +0800] "GET /kdTest/lib/jquery.min.js HTTP/1.1" 200 85578
0:0:0:0:0:0:0:1 - - [10/Sep/2018:22:39:37 +0800] "GET /kdTest/lib/vue.min.js HTTP/1.1" 200 76666
0:0:0:0:0:0:0:1 - - [10/Sep/2018:22:39:37 +0800] "GET /kdTest/lib/jqgrid/grid.locale-cn.js HTTP/1.1" 200 9375
0:0:0:0:0:0:0:1 - - [10/Sep/2018:22:39:37 +0800] "GET /kdTest/lib/jqgrid/jquery.jqGrid.min.js HTTP/1.1" 200 334714
0:0:0:0:0:0:0:1 - - [10/Sep/2018:22:39:37 +0800] "GET /kdTest/user/list?_search=false&nd=1536590377974&limit=10&page=1&sidx=&order=asc HTTP/1.1" 200 148
0:0:0:0:0:0:0:1 - - [10/Sep/2018:22:41:09 +0800] "GET /kdTest/main.html HTTP/1.1" 200 1524
0:0:0:0:0:0:0:1 - - [10/Sep/2018:22:41:09 +0800] "GET /kdTest/lib/jquery.min.js HTTP/1.1" 200 85578
0:0:0:0:0:0:0:1 - - [10/Sep/2018:22:41:09 +0800] "GET /kdTest/lib/vue.min.js HTTP/1.1" 200 76666
0:0:0:0:0:0:0:1 - - [10/Sep/2018:22:41:09 +0800] "GET /kdTest/lib/jqgrid/grid.locale-cn.js HTTP/1.1" 200 9375
0:0:0:0:0:0:0:1 - - [10/Sep/2018:22:41:09 +0800] "GET /kdTest/lib/jqgrid/jquery.jqGrid.min.js HTTP/1.1" 200 334714
0:0:0:0:0:0:0:1 - - [10/Sep/2018:22:41:11 +0800] "GET /kdTest/html/user.html HTTP/1.1" 200 1938
0:0:0:0:0:0:0:1 - - [10/Sep/2018:22:41:11 +0800] "GET /kdTest/lib/vue.min.js HTTP/1.1" 200 76666
0:0:0:0:0:0:0:1 - - [10/Sep/2018:22:41:11 +0800] "GET /kdTest/lib/jquery.min.js HTTP/1.1" 200 85578
0:0:0:0:0:0:0:1 - - [10/Sep/2018:22:41:11 +0800] "GET /kdTest/lib/jqgrid/grid.locale-cn.js HTTP/1.1" 200 9375
0:0:0:0:0:0:0:1 - - [10/Sep/2018:22:41:11 +0800] "GET /kdTest/lib/jqgrid/jquery.jqGrid.min.js HTTP/1.1" 200 334714
0:0:0:0:0:0:0:1 - - [10/Sep/2018:22:41:11 +0800] "GET /kdTest/user/list?_search=false&nd=1536590471619&rows=10&page=1&sidx=&sord=asc HTTP/1.1" 200 148
0:0:0:0:0:0:0:1 - - [10/Sep/2018:22:41:13 +0800] "GET /kdTest/html/user.html HTTP/1.1" 200 1938
0:0:0:0:0:0:0:1 - - [10/Sep/2018:22:41:13 +0800] "GET /kdTest/lib/jquery.min.js HTTP/1.1" 200 85578
0:0:0:0:0:0:0:1 - - [10/Sep/2018:22:41:13 +0800] "GET /kdTest/lib/vue.min.js HTTP/1.1" 200 76666
0:0:0:0:0:0:0:1 - - [10/Sep/2018:22:41:13 +0800] "GET /kdTest/lib/jqgrid/grid.locale-cn.js HTTP/1.1" 200 9375
0:0:0:0:0:0:0:1 - - [10/Sep/2018:22:41:13 +0800] "GET /kdTest/lib/jqgrid/jquery.jqGrid.min.js HTTP/1.1" 200 334714
0:0:0:0:0:0:0:1 - - [10/Sep/2018:22:41:13 +0800] "GET /kdTest/user/list?_search=false&nd=1536590473300&rows=10&page=1&sidx=&sord=asc HTTP/1.1" 200 148
0:0:0:0:0:0:0:1 - - [10/Sep/2018:22:41:13 +0800] "GET /kdTest/html/user.html HTTP/1.1" 200 1938
0:0:0:0:0:0:0:1 - - [10/Sep/2018:22:41:13 +0800] "GET /kdTest/lib/jquery.min.js HTTP/1.1" 200 85578
0:0:0:0:0:0:0:1 - - [10/Sep/2018:22:41:13 +0800] "GET /kdTest/lib/vue.min.js HTTP/1.1" 200 76666
0:0:0:0:0:0:0:1 - - [10/Sep/2018:22:41:13 +0800] "GET /kdTest/lib/jqgrid/grid.locale-cn.js HTTP/1.1" 200 9375
0:0:0:0:0:0:0:1 - - [10/Sep/2018:22:41:13 +0800] "GET /kdTest/lib/jqgrid/jquery.jqGrid.min.js HTTP/1.1" 200 334714
0:0:0:0:0:0:0:1 - - [10/Sep/2018:22:41:13 +0800] "GET /kdTest/user/list?_search=false&nd=1536590473657&rows=10&page=1&sidx=&sord=asc HTTP/1.1" 200 148
0:0:0:0:0:0:0:1 - - [10/Sep/2018:22:41:13 +0800] "GET /kdTest/html/user.html HTTP/1.1" 200 1938
0:0:0:0:0:0:0:1 - - [10/Sep/2018:22:41:13 +0800] "GET /kdTest/lib/vue.min.js HTTP/1.1" 200 76666
0:0:0:0:0:0:0:1 - - [10/Sep/2018:22:41:13 +0800] "GET /kdTest/lib/jquery.min.js HTTP/1.1" 200 85578
0:0:0:0:0:0:0:1 - - [10/Sep/2018:22:41:13 +0800] "GET /kdTest/lib/jqgrid/grid.locale-cn.js HTTP/1.1" 200 9375
0:0:0:0:0:0:0:1 - - [10/Sep/2018:22:41:13 +0800] "GET /kdTest/lib/jqgrid/jquery.jqGrid.min.js HTTP/1.1" 200 334714
0:0:0:0:0:0:0:1 - - [10/Sep/2018:22:41:13 +0800] "GET /kdTest/user/list?_search=false&nd=1536590473875&rows=10&page=1&sidx=&sord=asc HTTP/1.1" 200 148
0:0:0:0:0:0:0:1 - - [10/Sep/2018:22:41:13 +0800] "GET /kdTest/html/user.html HTTP/1.1" 200 1938
0:0:0:0:0:0:0:1 - - [10/Sep/2018:22:41:13 +0800] "GET /kdTest/lib/vue.min.js HTTP/1.1" 200 76666
0:0:0:0:0:0:0:1 - - [10/Sep/2018:22:41:13 +0800] "GET /kdTest/lib/jquery.min.js HTTP/1.1" 200 85578
0:0:0:0:0:0:0:1 - - [10/Sep/2018:22:41:13 +0800] "GET /kdTest/lib/jqgrid/grid.locale-cn.js HTTP/1.1" 200 9375
0:0:0:0:0:0:0:1 - - [10/Sep/2018:22:41:13 +0800] "GET /kdTest/lib/jqgrid/jquery.jqGrid.min.js HTTP/1.1" 200 334714
0:0:0:0:0:0:0:1 - - [10/Sep/2018:22:41:14 +0800] "GET /kdTest/user/list?_search=false&nd=1536590474066&rows=10&page=1&sidx=&sord=asc HTTP/1.1" 200 148
0:0:0:0:0:0:0:1 - - [10/Sep/2018:22:54:20 +0800] "GET /kdTest/main.html HTTP/1.1" 200 1524
0:0:0:0:0:0:0:1 - - [10/Sep/2018:22:54:21 +0800] "GET /kdTest/lib/jqgrid/grid.locale-cn.js HTTP/1.1" 200 9375
0:0:0:0:0:0:0:1 - - [10/Sep/2018:22:54:21 +0800] "GET /kdTest/lib/jquery.min.js HTTP/1.1" 200 85578
0:0:0:0:0:0:0:1 - - [10/Sep/2018:22:54:21 +0800] "GET /kdTest/lib/vue.min.js HTTP/1.1" 200 76666
0:0:0:0:0:0:0:1 - - [10/Sep/2018:22:54:21 +0800] "GET /kdTest/lib/jqgrid/jquery.jqGrid.min.js HTTP/1.1" 200 334714
0:0:0:0:0:0:0:1 - - [10/Sep/2018:22:54:25 +0800] "GET /kdTest/html/user.html HTTP/1.1" 200 2491
0:0:0:0:0:0:0:1 - - [10/Sep/2018:22:54:25 +0800] "GET /kdTest/lib/vue.min.js HTTP/1.1" 200 76666
0:0:0:0:0:0:0:1 - - [10/Sep/2018:22:54:25 +0800] "GET /kdTest/lib/jquery.min.js HTTP/1.1" 200 85578
0:0:0:0:0:0:0:1 - - [10/Sep/2018:22:54:25 +0800] "GET /kdTest/lib/jquery-easyui-1.6.3/jquery.easyui.min.js HTTP/1.1" 200 452252
0:0:0:0:0:0:0:1 - - [10/Sep/2018:22:54:25 +0800] "GET /kdTest/lib/jquery-easyui-1.6.3/themes/default/easyui.css HTTP/1.1" 200 71588
0:0:0:0:0:0:0:1 - - [10/Sep/2018:22:54:25 +0800] "GET /kdTest/lib/jquery-easyui-1.6.3/themes/icon.css HTTP/1.1" 200 2506
0:0:0:0:0:0:0:1 - - [10/Sep/2018:22:54:25 +0800] "GET /kdTest/lib/jquery-easyui-1.6.3/themes/default/images/panel_tools.png HTTP/1.1" 200 852
0:0:0:0:0:0:0:1 - - [10/Sep/2018:22:54:25 +0800] "GET /kdTest/lib/jquery-easyui-1.6.3/themes/default/images/blank.gif HTTP/1.1" 200 43
0:0:0:0:0:0:0:1 - - [10/Sep/2018:22:54:26 +0800] "GET /kdTest/lib/jquery-easyui-1.6.3/themes/default/images/loading.gif HTTP/1.1" 200 1737
0:0:0:0:0:0:0:1 - - [10/Sep/2018:22:54:26 +0800] "GET /kdTest/html/user/list HTTP/1.1" 404 125
0:0:0:0:0:0:0:1 - - [10/Sep/2018:22:55:15 +0800] "GET /kdTest/main.html HTTP/1.1" 200 1524
0:0:0:0:0:0:0:1 - - [10/Sep/2018:22:55:15 +0800] "GET /kdTest/lib/jquery.min.js HTTP/1.1" 200 85578
0:0:0:0:0:0:0:1 - - [10/Sep/2018:22:55:15 +0800] "GET /kdTest/lib/jqgrid/grid.locale-cn.js HTTP/1.1" 200 9375
0:0:0:0:0:0:0:1 - - [10/Sep/2018:22:55:15 +0800] "GET /kdTest/lib/jqgrid/jquery.jqGrid.min.js HTTP/1.1" 200 334714
0:0:0:0:0:0:0:1 - - [10/Sep/2018:22:55:15 +0800] "GET /kdTest/lib/vue.min.js HTTP/1.1" 200 76666
0:0:0:0:0:0:0:1 - - [10/Sep/2018:22:55:17 +0800] "GET /kdTest/html/user.html HTTP/1.1" 200 2241
0:0:0:0:0:0:0:1 - - [10/Sep/2018:22:55:17 +0800] "GET /kdTest/lib/jquery-easyui-1.6.3/themes/icon.css HTTP/1.1" 200 2506
0:0:0:0:0:0:0:1 - - [10/Sep/2018:22:55:17 +0800] "GET /kdTest/lib/jquery-easyui-1.6.3/themes/default/easyui.css HTTP/1.1" 200 71588
0:0:0:0:0:0:0:1 - - [10/Sep/2018:22:55:18 +0800] "GET /kdTest/lib/vue.min.js HTTP/1.1" 200 76666
0:0:0:0:0:0:0:1 - - [10/Sep/2018:22:55:18 +0800] "GET /kdTest/lib/jquery.min.js HTTP/1.1" 200 85578
0:0:0:0:0:0:0:1 - - [10/Sep/2018:22:55:18 +0800] "GET /kdTest/lib/jquery-easyui-1.6.3/jquery.easyui.min.js HTTP/1.1" 200 452252
0:0:0:0:0:0:0:1 - - [10/Sep/2018:22:55:18 +0800] "GET /kdTest/lib/jquery-easyui-1.6.3/themes/default/images/blank.gif HTTP/1.1" 200 43
0:0:0:0:0:0:0:1 - - [10/Sep/2018:22:55:18 +0800] "GET /kdTest/lib/jquery-easyui-1.6.3/themes/default/images/panel_tools.png HTTP/1.1" 200 852
0:0:0:0:0:0:0:1 - - [10/Sep/2018:22:55:18 +0800] "GET /kdTest/lib/jquery-easyui-1.6.3/themes/default/images/loading.gif HTTP/1.1" 200 1737
0:0:0:0:0:0:0:1 - - [10/Sep/2018:22:55:18 +0800] "GET /kdTest/html/user/list HTTP/1.1" 404 125
0:0:0:0:0:0:0:1 - - [10/Sep/2018:22:55:50 +0800] "GET /kdTest/main.html HTTP/1.1" 200 1524
0:0:0:0:0:0:0:1 - - [10/Sep/2018:22:55:50 +0800] "GET /kdTest/lib/jqgrid/grid.locale-cn.js HTTP/1.1" 200 9375
0:0:0:0:0:0:0:1 - - [10/Sep/2018:22:55:50 +0800] "GET /kdTest/lib/jquery.min.js HTTP/1.1" 200 85578
0:0:0:0:0:0:0:1 - - [10/Sep/2018:22:55:50 +0800] "GET /kdTest/lib/vue.min.js HTTP/1.1" 200 76666
0:0:0:0:0:0:0:1 - - [10/Sep/2018:22:55:50 +0800] "GET /kdTest/lib/jqgrid/jquery.jqGrid.min.js HTTP/1.1" 200 334714
0:0:0:0:0:0:0:1 - - [10/Sep/2018:22:55:52 +0800] "GET /kdTest/html/user.html HTTP/1.1" 200 1230
0:0:0:0:0:0:0:1 - - [10/Sep/2018:22:55:52 +0800] "GET /kdTest/lib/jquery-easyui-1.6.3/themes/icon.css HTTP/1.1" 200 2506
0:0:0:0:0:0:0:1 - - [10/Sep/2018:22:55:52 +0800] "GET /kdTest/lib/jquery-easyui-1.6.3/themes/default/easyui.css HTTP/1.1" 200 71588
0:0:0:0:0:0:0:1 - - [10/Sep/2018:22:55:53 +0800] "GET /kdTest/lib/vue.min.js HTTP/1.1" 200 76666
0:0:0:0:0:0:0:1 - - [10/Sep/2018:22:55:53 +0800] "GET /kdTest/lib/jquery.min.js HTTP/1.1" 200 85578
0:0:0:0:0:0:0:1 - - [10/Sep/2018:22:55:53 +0800] "GET /kdTest/lib/jquery-easyui-1.6.3/jquery.easyui.min.js HTTP/1.1" 200 452252
0:0:0:0:0:0:0:1 - - [10/Sep/2018:22:55:53 +0800] "GET /kdTest/lib/jquery-easyui-1.6.3/themes/default/images/blank.gif HTTP/1.1" 200 43
0:0:0:0:0:0:0:1 - - [10/Sep/2018:22:55:53 +0800] "GET /kdTest/lib/jquery-easyui-1.6.3/themes/default/images/panel_tools.png HTTP/1.1" 200 852
0:0:0:0:0:0:0:1 - - [10/Sep/2018:22:55:53 +0800] "GET /kdTest/lib/jquery-easyui-1.6.3/themes/default/images/loading.gif HTTP/1.1" 200 1737
0:0:0:0:0:0:0:1 - - [10/Sep/2018:22:55:53 +0800] "GET /kdTest/html/user/list HTTP/1.1" 404 125
0:0:0:0:0:0:0:1 - - [10/Sep/2018:22:56:03 +0800] "GET /kdTest/main.html HTTP/1.1" 200 1524
0:0:0:0:0:0:0:1 - - [10/Sep/2018:22:56:03 +0800] "GET /kdTest/lib/jquery.min.js HTTP/1.1" 200 85578
0:0:0:0:0:0:0:1 - - [10/Sep/2018:22:56:03 +0800] "GET /kdTest/lib/jqgrid/grid.locale-cn.js HTTP/1.1" 200 9375
0:0:0:0:0:0:0:1 - - [10/Sep/2018:22:56:03 +0800] "GET /kdTest/lib/vue.min.js HTTP/1.1" 200 76666
0:0:0:0:0:0:0:1 - - [10/Sep/2018:22:56:03 +0800] "GET /kdTest/lib/jqgrid/jquery.jqGrid.min.js HTTP/1.1" 200 334714
0:0:0:0:0:0:0:1 - - [10/Sep/2018:22:56:05 +0800] "GET /kdTest/html/user.html HTTP/1.1" 200 1233
0:0:0:0:0:0:0:1 - - [10/Sep/2018:22:56:05 +0800] "GET /kdTest/lib/jquery-easyui-1.6.3/themes/default/easyui.css HTTP/1.1" 200 71588
0:0:0:0:0:0:0:1 - - [10/Sep/2018:22:56:05 +0800] "GET /kdTest/lib/jquery-easyui-1.6.3/themes/icon.css HTTP/1.1" 200 2506
0:0:0:0:0:0:0:1 - - [10/Sep/2018:22:56:05 +0800] "GET /kdTest/lib/vue.min.js HTTP/1.1" 200 76666
0:0:0:0:0:0:0:1 - - [10/Sep/2018:22:56:05 +0800] "GET /kdTest/lib/jquery.min.js HTTP/1.1" 200 85578
0:0:0:0:0:0:0:1 - - [10/Sep/2018:22:56:05 +0800] "GET /kdTest/lib/jquery-easyui-1.6.3/jquery.easyui.min.js HTTP/1.1" 200 452252
0:0:0:0:0:0:0:1 - - [10/Sep/2018:22:56:06 +0800] "GET /kdTest/lib/jquery-easyui-1.6.3/themes/default/images/panel_tools.png HTTP/1.1" 200 852
0:0:0:0:0:0:0:1 - - [10/Sep/2018:22:56:06 +0800] "GET /kdTest/lib/jquery-easyui-1.6.3/themes/default/images/blank.gif HTTP/1.1" 200 43
0:0:0:0:0:0:0:1 - - [10/Sep/2018:22:56:06 +0800] "GET /kdTest/lib/jquery-easyui-1.6.3/themes/default/images/loading.gif HTTP/1.1" 200 1737
0:0:0:0:0:0:0:1 - - [10/Sep/2018:22:56:06 +0800] "GET /kdTest/user/list HTTP/1.1" 200 148
0:0:0:0:0:0:0:1 - - [10/Sep/2018:23:04:08 +0800] "GET /kdTest/main.html HTTP/1.1" 200 1524
0:0:0:0:0:0:0:1 - - [10/Sep/2018:23:04:08 +0800] "GET /kdTest/lib/jquery.min.js HTTP/1.1" 200 85578
0:0:0:0:0:0:0:1 - - [10/Sep/2018:23:04:08 +0800] "GET /kdTest/lib/jqgrid/grid.locale-cn.js HTTP/1.1" 200 9375
0:0:0:0:0:0:0:1 - - [10/Sep/2018:23:04:08 +0800] "GET /kdTest/lib/vue.min.js HTTP/1.1" 200 76666
0:0:0:0:0:0:0:1 - - [10/Sep/2018:23:04:08 +0800] "GET /kdTest/lib/jqgrid/jquery.jqGrid.min.js HTTP/1.1" 200 334714
0:0:0:0:0:0:0:1 - - [10/Sep/2018:23:04:10 +0800] "GET /kdTest/html/user.html HTTP/1.1" 200 1233
0:0:0:0:0:0:0:1 - - [10/Sep/2018:23:04:10 +0800] "GET /kdTest/lib/jquery-easyui-1.6.3/themes/icon.css HTTP/1.1" 200 2506
0:0:0:0:0:0:0:1 - - [10/Sep/2018:23:04:10 +0800] "GET /kdTest/lib/jquery-easyui-1.6.3/themes/default/easyui.css HTTP/1.1" 200 71588
0:0:0:0:0:0:0:1 - - [10/Sep/2018:23:04:10 +0800] "GET /kdTest/lib/jquery.min.js HTTP/1.1" 200 85578
0:0:0:0:0:0:0:1 - - [10/Sep/2018:23:04:10 +0800] "GET /kdTest/lib/vue.min.js HTTP/1.1" 200 76666
0:0:0:0:0:0:0:1 - - [10/Sep/2018:23:04:10 +0800] "GET /kdTest/lib/jquery-easyui-1.6.3/jquery.easyui.min.js HTTP/1.1" 200 452252
0:0:0:0:0:0:0:1 - - [10/Sep/2018:23:04:10 +0800] "GET /kdTest/lib/jquery-easyui-1.6.3/themes/default/images/blank.gif HTTP/1.1" 200 43
0:0:0:0:0:0:0:1 - - [10/Sep/2018:23:04:10 +0800] "GET /kdTest/lib/jquery-easyui-1.6.3/themes/default/images/panel_tools.png HTTP/1.1" 200 852
0:0:0:0:0:0:0:1 - - [10/Sep/2018:23:04:10 +0800] "GET /kdTest/lib/jquery-easyui-1.6.3/themes/default/images/loading.gif HTTP/1.1" 200 1737
0:0:0:0:0:0:0:1 - - [10/Sep/2018:23:04:10 +0800] "GET /kdTest/user/list HTTP/1.1" 200 160
0:0:0:0:0:0:0:1 - - [10/Sep/2018:23:04:12 +0800] "GET /kdTest/html/usersave.html HTTP/1.1" 200 2182
0:0:0:0:0:0:0:1 - - [10/Sep/2018:23:04:13 +0800] "GET /kdTest/html/user.html HTTP/1.1" 200 1233
0:0:0:0:0:0:0:1 - - [10/Sep/2018:23:04:13 +0800] "GET /kdTest/lib/jquery-easyui-1.6.3/themes/default/easyui.css HTTP/1.1" 200 71588
0:0:0:0:0:0:0:1 - - [10/Sep/2018:23:04:13 +0800] "GET /kdTest/lib/jquery-easyui-1.6.3/themes/icon.css HTTP/1.1" 200 2506
0:0:0:0:0:0:0:1 - - [10/Sep/2018:23:04:13 +0800] "GET /kdTest/user/list HTTP/1.1" 200 160
0:0:0:0:0:0:0:1 - - [10/Sep/2018:23:04:31 +0800] "GET /kdTest/main.html HTTP/1.1" 200 1524
0:0:0:0:0:0:0:1 - - [10/Sep/2018:23:04:31 +0800] "GET /kdTest/lib/jquery.min.js HTTP/1.1" 200 85578
0:0:0:0:0:0:0:1 - - [10/Sep/2018:23:04:31 +0800] "GET /kdTest/lib/vue.min.js HTTP/1.1" 200 76666
0:0:0:0:0:0:0:1 - - [10/Sep/2018:23:04:31 +0800] "GET /kdTest/lib/jqgrid/grid.locale-cn.js HTTP/1.1" 200 9375
0:0:0:0:0:0:0:1 - - [10/Sep/2018:23:04:31 +0800] "GET /kdTest/lib/jqgrid/jquery.jqGrid.min.js HTTP/1.1" 200 334714
0:0:0:0:0:0:0:1 - - [10/Sep/2018:23:04:34 +0800] "GET /kdTest/html/user.html HTTP/1.1" 200 1233
0:0:0:0:0:0:0:1 - - [10/Sep/2018:23:04:34 +0800] "GET /kdTest/lib/jquery-easyui-1.6.3/themes/icon.css HTTP/1.1" 200 2506
0:0:0:0:0:0:0:1 - - [10/Sep/2018:23:04:34 +0800] "GET /kdTest/lib/jquery-easyui-1.6.3/themes/default/easyui.css HTTP/1.1" 200 71588
0:0:0:0:0:0:0:1 - - [10/Sep/2018:23:04:34 +0800] "GET /kdTest/lib/jquery.min.js HTTP/1.1" 200 85578
0:0:0:0:0:0:0:1 - - [10/Sep/2018:23:04:34 +0800] "GET /kdTest/lib/vue.min.js HTTP/1.1" 200 76666
0:0:0:0:0:0:0:1 - - [10/Sep/2018:23:04:34 +0800] "GET /kdTest/lib/jquery-easyui-1.6.3/jquery.easyui.min.js HTTP/1.1" 200 452252
0:0:0:0:0:0:0:1 - - [10/Sep/2018:23:04:34 +0800] "GET /kdTest/lib/jquery-easyui-1.6.3/themes/default/images/panel_tools.png HTTP/1.1" 200 852
0:0:0:0:0:0:0:1 - - [10/Sep/2018:23:04:34 +0800] "GET /kdTest/lib/jquery-easyui-1.6.3/themes/default/images/blank.gif HTTP/1.1" 200 43
0:0:0:0:0:0:0:1 - - [10/Sep/2018:23:04:34 +0800] "GET /kdTest/lib/jquery-easyui-1.6.3/themes/default/images/loading.gif HTTP/1.1" 200 1737
0:0:0:0:0:0:0:1 - - [10/Sep/2018:23:06:30 +0800] "GET /kdTest/main.html HTTP/1.1" 200 1524
0:0:0:0:0:0:0:1 - - [10/Sep/2018:23:06:30 +0800] "GET /kdTest/lib/jqgrid/grid.locale-cn.js HTTP/1.1" 200 9375
0:0:0:0:0:0:0:1 - - [10/Sep/2018:23:06:30 +0800] "GET /kdTest/lib/vue.min.js HTTP/1.1" 200 76666
0:0:0:0:0:0:0:1 - - [10/Sep/2018:23:06:30 +0800] "GET /kdTest/lib/jquery.min.js HTTP/1.1" 200 85578
0:0:0:0:0:0:0:1 - - [10/Sep/2018:23:06:30 +0800] "GET /kdTest/lib/jqgrid/jquery.jqGrid.min.js HTTP/1.1" 200 334714
0:0:0:0:0:0:0:1 - - [10/Sep/2018:23:06:32 +0800] "GET /kdTest/html/user.html HTTP/1.1" 200 1233
0:0:0:0:0:0:0:1 - - [10/Sep/2018:23:06:32 +0800] "GET /kdTest/lib/jquery-easyui-1.6.3/themes/icon.css HTTP/1.1" 200 2506
0:0:0:0:0:0:0:1 - - [10/Sep/2018:23:06:32 +0800] "GET /kdTest/lib/jquery-easyui-1.6.3/themes/default/easyui.css HTTP/1.1" 200 71588
0:0:0:0:0:0:0:1 - - [10/Sep/2018:23:06:32 +0800] "GET /kdTest/lib/vue.min.js HTTP/1.1" 200 76666
0:0:0:0:0:0:0:1 - - [10/Sep/2018:23:06:32 +0800] "GET /kdTest/lib/jquery.min.js HTTP/1.1" 200 85578
0:0:0:0:0:0:0:1 - - [10/Sep/2018:23:06:32 +0800] "GET /kdTest/lib/jquery-easyui-1.6.3/jquery.easyui.min.js HTTP/1.1" 200 452252
0:0:0:0:0:0:0:1 - - [10/Sep/2018:23:06:32 +0800] "GET /kdTest/lib/jquery-easyui-1.6.3/themes/default/images/panel_tools.png HTTP/1.1" 200 852
0:0:0:0:0:0:0:1 - - [10/Sep/2018:23:06:32 +0800] "GET /kdTest/lib/jquery-easyui-1.6.3/themes/default/images/blank.gif HTTP/1.1" 200 43
0:0:0:0:0:0:0:1 - - [10/Sep/2018:23:06:32 +0800] "GET /kdTest/lib/jquery-easyui-1.6.3/themes/default/images/loading.gif HTTP/1.1" 200 1737
0:0:0:0:0:0:0:1 - - [10/Sep/2018:23:06:58 +0800] "GET /kdTest/user/list HTTP/1.1" 200 160
0:0:0:0:0:0:0:1 - - [10/Sep/2018:23:10:41 +0800] "GET /kdTest/main.html HTTP/1.1" 200 1524
0:0:0:0:0:0:0:1 - - [10/Sep/2018:23:10:41 +0800] "GET /kdTest/lib/jqgrid/grid.locale-cn.js HTTP/1.1" 200 9375
0:0:0:0:0:0:0:1 - - [10/Sep/2018:23:10:41 +0800] "GET /kdTest/lib/jquery.min.js HTTP/1.1" 200 85578
0:0:0:0:0:0:0:1 - - [10/Sep/2018:23:10:41 +0800] "GET /kdTest/lib/vue.min.js HTTP/1.1" 200 76666
0:0:0:0:0:0:0:1 - - [10/Sep/2018:23:10:41 +0800] "GET /kdTest/lib/jqgrid/jquery.jqGrid.min.js HTTP/1.1" 200 334714
0:0:0:0:0:0:0:1 - - [10/Sep/2018:23:10:44 +0800] "GET /kdTest/main.html HTTP/1.1" 200 1524
0:0:0:0:0:0:0:1 - - [10/Sep/2018:23:10:44 +0800] "GET /kdTest/lib/jquery.min.js HTTP/1.1" 200 85578
0:0:0:0:0:0:0:1 - - [10/Sep/2018:23:10:44 +0800] "GET /kdTest/lib/jqgrid/grid.locale-cn.js HTTP/1.1" 200 9375
0:0:0:0:0:0:0:1 - - [10/Sep/2018:23:10:44 +0800] "GET /kdTest/lib/jqgrid/jquery.jqGrid.min.js HTTP/1.1" 200 334714
0:0:0:0:0:0:0:1 - - [10/Sep/2018:23:10:44 +0800] "GET /kdTest/lib/vue.min.js HTTP/1.1" 200 76666
0:0:0:0:0:0:0:1 - - [10/Sep/2018:23:10:46 +0800] "GET /kdTest/html/user.html HTTP/1.1" 200 1233
0:0:0:0:0:0:0:1 - - [10/Sep/2018:23:10:46 +0800] "GET /kdTest/lib/jquery-easyui-1.6.3/themes/icon.css HTTP/1.1" 200 2506
0:0:0:0:0:0:0:1 - - [10/Sep/2018:23:10:46 +0800] "GET /kdTest/lib/jquery-easyui-1.6.3/themes/default/easyui.css HTTP/1.1" 200 71588
0:0:0:0:0:0:0:1 - - [10/Sep/2018:23:10:46 +0800] "GET /kdTest/lib/vue.min.js HTTP/1.1" 200 76666
0:0:0:0:0:0:0:1 - - [10/Sep/2018:23:10:46 +0800] "GET /kdTest/lib/jquery.min.js HTTP/1.1" 200 85578
0:0:0:0:0:0:0:1 - - [10/Sep/2018:23:10:46 +0800] "GET /kdTest/lib/jquery-easyui-1.6.3/jquery.easyui.min.js HTTP/1.1" 200 452252
0:0:0:0:0:0:0:1 - - [10/Sep/2018:23:10:46 +0800] "GET /kdTest/lib/jquery-easyui-1.6.3/themes/default/images/panel_tools.png HTTP/1.1" 200 852
0:0:0:0:0:0:0:1 - - [10/Sep/2018:23:10:46 +0800] "GET /kdTest/lib/jquery-easyui-1.6.3/themes/default/images/blank.gif HTTP/1.1" 200 43
0:0:0:0:0:0:0:1 - - [10/Sep/2018:23:10:46 +0800] "GET /kdTest/lib/jquery-easyui-1.6.3/themes/default/images/loading.gif HTTP/1.1" 200 1737
0:0:0:0:0:0:0:1 - - [10/Sep/2018:23:17:40 +0800] "GET /kdTest/user/list HTTP/1.1" 200 -
0:0:0:0:0:0:0:1 - - [10/Sep/2018:23:18:48 +0800] "GET /kdTest/main.html HTTP/1.1" 200 1524
0:0:0:0:0:0:0:1 - - [10/Sep/2018:23:18:48 +0800] "GET /kdTest/lib/jqgrid/grid.locale-cn.js HTTP/1.1" 200 9375
0:0:0:0:0:0:0:1 - - [10/Sep/2018:23:18:48 +0800] "GET /kdTest/lib/vue.min.js HTTP/1.1" 200 76666
0:0:0:0:0:0:0:1 - - [10/Sep/2018:23:18:48 +0800] "GET /kdTest/lib/jquery.min.js HTTP/1.1" 200 85578
0:0:0:0:0:0:0:1 - - [10/Sep/2018:23:18:48 +0800] "GET /kdTest/lib/jqgrid/jquery.jqGrid.min.js HTTP/1.1" 200 334714
0:0:0:0:0:0:0:1 - - [10/Sep/2018:23:18:50 +0800] "GET /kdTest/html/user.html HTTP/1.1" 200 1233
0:0:0:0:0:0:0:1 - - [10/Sep/2018:23:18:50 +0800] "GET /kdTest/lib/jquery-easyui-1.6.3/themes/icon.css HTTP/1.1" 200 2506
0:0:0:0:0:0:0:1 - - [10/Sep/2018:23:18:50 +0800] "GET /kdTest/lib/jquery-easyui-1.6.3/themes/default/easyui.css HTTP/1.1" 200 71588
0:0:0:0:0:0:0:1 - - [10/Sep/2018:23:18:50 +0800] "GET /kdTest/lib/jquery.min.js HTTP/1.1" 200 85578
0:0:0:0:0:0:0:1 - - [10/Sep/2018:23:18:50 +0800] "GET /kdTest/lib/vue.min.js HTTP/1.1" 200 76666
0:0:0:0:0:0:0:1 - - [10/Sep/2018:23:18:50 +0800] "GET /kdTest/lib/jquery-easyui-1.6.3/jquery.easyui.min.js HTTP/1.1" 200 452252
0:0:0:0:0:0:0:1 - - [10/Sep/2018:23:18:50 +0800] "GET /kdTest/lib/jquery-easyui-1.6.3/themes/default/images/panel_tools.png HTTP/1.1" 200 852
0:0:0:0:0:0:0:1 - - [10/Sep/2018:23:18:50 +0800] "GET /kdTest/lib/jquery-easyui-1.6.3/themes/default/images/blank.gif HTTP/1.1" 200 43
0:0:0:0:0:0:0:1 - - [10/Sep/2018:23:18:50 +0800] "GET /kdTest/lib/jquery-easyui-1.6.3/themes/default/images/loading.gif HTTP/1.1" 200 1737
0:0:0:0:0:0:0:1 - - [10/Sep/2018:23:18:54 +0800] "GET /kdTest/user/list HTTP/1.1" 200 160
0:0:0:0:0:0:0:1 - - [10/Sep/2018:23:19:08 +0800] "GET /kdTest/html/user.html HTTP/1.1" 200 1233
0:0:0:0:0:0:0:1 - - [10/Sep/2018:23:19:08 +0800] "GET /kdTest/lib/jquery-easyui-1.6.3/themes/icon.css HTTP/1.1" 200 2506
0:0:0:0:0:0:0:1 - - [10/Sep/2018:23:19:08 +0800] "GET /kdTest/lib/jquery-easyui-1.6.3/themes/default/easyui.css HTTP/1.1" 200 71588
0:0:0:0:0:0:0:1 - - [10/Sep/2018:23:19:08 +0800] "GET /kdTest/lib/jquery.min.js HTTP/1.1" 200 85578
0:0:0:0:0:0:0:1 - - [10/Sep/2018:23:19:08 +0800] "GET /kdTest/lib/vue.min.js HTTP/1.1" 200 76666
0:0:0:0:0:0:0:1 - - [10/Sep/2018:23:19:08 +0800] "GET /kdTest/lib/jquery-easyui-1.6.3/jquery.easyui.min.js HTTP/1.1" 200 452252
0:0:0:0:0:0:0:1 - - [10/Sep/2018:23:19:08 +0800] "GET /kdTest/lib/jquery-easyui-1.6.3/themes/default/images/panel_tools.png HTTP/1.1" 200 852
0:0:0:0:0:0:0:1 - - [10/Sep/2018:23:19:08 +0800] "GET /kdTest/lib/jquery-easyui-1.6.3/themes/default/images/blank.gif HTTP/1.1" 200 43
0:0:0:0:0:0:0:1 - - [10/Sep/2018:23:19:08 +0800] "GET /kdTest/lib/jquery-easyui-1.6.3/themes/default/images/loading.gif HTTP/1.1" 200 1737
0:0:0:0:0:0:0:1 - - [10/Sep/2018:23:21:52 +0800] "GET /kdTest/main.html HTTP/1.1" 200 1524
0:0:0:0:0:0:0:1 - - [10/Sep/2018:23:21:52 +0800] "GET /kdTest/lib/jqgrid/grid.locale-cn.js HTTP/1.1" 200 9375
0:0:0:0:0:0:0:1 - - [10/Sep/2018:23:21:52 +0800] "GET /kdTest/lib/jquery.min.js HTTP/1.1" 200 85578
0:0:0:0:0:0:0:1 - - [10/Sep/2018:23:21:52 +0800] "GET /kdTest/lib/vue.min.js HTTP/1.1" 200 76666
0:0:0:0:0:0:0:1 - - [10/Sep/2018:23:21:52 +0800] "GET /kdTest/lib/jqgrid/jquery.jqGrid.min.js HTTP/1.1" 200 334714
0:0:0:0:0:0:0:1 - - [10/Sep/2018:23:21:54 +0800] "GET /kdTest/html/user.html HTTP/1.1" 200 1233
0:0:0:0:0:0:0:1 - - [10/Sep/2018:23:21:54 +0800] "GET /kdTest/lib/jquery-easyui-1.6.3/themes/icon.css HTTP/1.1" 200 2506
0:0:0:0:0:0:0:1 - - [10/Sep/2018:23:21:54 +0800] "GET /kdTest/lib/jquery-easyui-1.6.3/themes/default/easyui.css HTTP/1.1" 200 71588
0:0:0:0:0:0:0:1 - - [10/Sep/2018:23:21:54 +0800] "GET /kdTest/lib/jquery.min.js HTTP/1.1" 200 85578
0:0:0:0:0:0:0:1 - - [10/Sep/2018:23:21:54 +0800] "GET /kdTest/lib/vue.min.js HTTP/1.1" 200 76666
0:0:0:0:0:0:0:1 - - [10/Sep/2018:23:21:54 +0800] "GET /kdTest/lib/jquery-easyui-1.6.3/jquery.easyui.min.js HTTP/1.1" 200 452252
0:0:0:0:0:0:0:1 - - [10/Sep/2018:23:21:54 +0800] "GET /kdTest/lib/jquery-easyui-1.6.3/themes/default/images/panel_tools.png HTTP/1.1" 200 852
0:0:0:0:0:0:0:1 - - [10/Sep/2018:23:21:54 +0800] "GET /kdTest/lib/jquery-easyui-1.6.3/themes/default/images/blank.gif HTTP/1.1" 200 43
0:0:0:0:0:0:0:1 - - [10/Sep/2018:23:21:54 +0800] "GET /kdTest/lib/jquery-easyui-1.6.3/themes/default/images/loading.gif HTTP/1.1" 200 1737
0:0:0:0:0:0:0:1 - - [10/Sep/2018:23:21:54 +0800] "GET /kdTest/user/list HTTP/1.1" 200 170
